2017/06/26 02:12:45 [error] [php] date(): It is not safe to rely on the system's timezone settings. You are *required* to use the date.timezone setting or the date_default_timezone_set() function. In case you used any of those methods and you are still getting this warning, you most likely misspelled the timezone identifier. We selected the timezone 'UTC' for now, but please set date.timezone to select your timezone. (D:\phpStudy\WWW\yii1\app\protected\views\layouts\main.php:51)
Stack trace:
#0 D:\phpStudy\WWW\yii1\framework\web\CBaseController.php(95): SiteController->renderInternal()
#1 D:\phpStudy\WWW\yii1\framework\web\widgets\CContentDecorator.php(76): SiteController->renderFile()
#2 D:\phpStudy\WWW\yii1\framework\web\widgets\CContentDecorator.php(54): CContentDecorator->decorate()
#3 D:\phpStudy\WWW\yii1\framework\web\widgets\COutputProcessor.php(44): CContentDecorator->processOutput()
#4 D:\phpStudy\WWW\yii1\framework\web\CBaseController.php(215): CContentDecorator->run()
#5 D:\phpStudy\WWW\yii1\framework\web\CBaseController.php(309): SiteController->endWidget()
#6 D:\phpStudy\WWW\yii1\app\protected\views\layouts\column1.php(6): SiteController->endContent()
#7 D:\phpStudy\WWW\yii1\framework\web\CBaseController.php(126): require()
#8 D:\phpStudy\WWW\yii1\framework\web\CBaseController.php(95): SiteController->renderInternal()
#9 D:\phpStudy\WWW\yii1\framework\web\CController.php(787): SiteController->renderFile()
#10 D:\phpStudy\WWW\yii1\app\protected\controllers\SiteController.php(32): SiteController->render()
#11 D:\phpStudy\WWW\yii1\framework\web\actions\CInlineAction.php(49): SiteController->actionIndex()
#12 D:\phpStudy\WWW\yii1\framework\web\CController.php(308): CInlineAction->runWithParams()
#13 D:\phpStudy\WWW\yii1\framework\web\CController.php(286): SiteController->runAction()
#14 D:\phpStudy\WWW\yii1\framework\web\CController.php(265): SiteController->runActionWithFilters()
#15 D:\phpStudy\WWW\yii1\framework\web\CWebApplication.php(282): SiteController->run()
#16 D:\phpStudy\WWW\yii1\framework\web\CWebApplication.php(141): CWebApplication->runController()
#17 D:\phpStudy\WWW\yii1\framework\base\CApplication.php(185): CWebApplication->processRequest()
#18 D:\phpStudy\WWW\yii1\app\index.php(13): CWebApplication->run()
REQUEST_URI=/
in D:\phpStudy\WWW\yii1\app\protected\views\layouts\main.php (51)
in D:\phpStudy\WWW\yii1\app\protected\views\layouts\column1.php (6)
in D:\phpStudy\WWW\yii1\app\protected\controllers\SiteController.php (32)
2017/06/26 02:15:27 [error] [php] date(): It is not safe to rely on the system's timezone settings. You are *required* to use the date.timezone setting or the date_default_timezone_set() function. In case you used any of those methods and you are still getting this warning, you most likely misspelled the timezone identifier. We selected the timezone 'UTC' for now, but please set date.timezone to select your timezone. (D:\phpStudy\WWW\yii1\app\protected\views\layouts\main.php:51)
Stack trace:
#0 D:\phpStudy\WWW\yii1\framework\web\CBaseController.php(95): SiteController->renderInternal()
#1 D:\phpStudy\WWW\yii1\framework\web\widgets\CContentDecorator.php(76): SiteController->renderFile()
#2 D:\phpStudy\WWW\yii1\framework\web\widgets\CContentDecorator.php(54): CContentDecorator->decorate()
#3 D:\phpStudy\WWW\yii1\framework\web\widgets\COutputProcessor.php(44): CContentDecorator->processOutput()
#4 D:\phpStudy\WWW\yii1\framework\web\CBaseController.php(215): CContentDecorator->run()
#5 D:\phpStudy\WWW\yii1\framework\web\CBaseController.php(309): SiteController->endWidget()
#6 D:\phpStudy\WWW\yii1\app\protected\views\layouts\column1.php(6): SiteController->endContent()
#7 D:\phpStudy\WWW\yii1\framework\web\CBaseController.php(126): require()
#8 D:\phpStudy\WWW\yii1\framework\web\CBaseController.php(95): SiteController->renderInternal()
#9 D:\phpStudy\WWW\yii1\framework\web\CController.php(787): SiteController->renderFile()
#10 D:\phpStudy\WWW\yii1\app\protected\controllers\SiteController.php(32): SiteController->render()
#11 D:\phpStudy\WWW\yii1\framework\web\actions\CInlineAction.php(49): SiteController->actionIndex()
#12 D:\phpStudy\WWW\yii1\framework\web\CController.php(308): CInlineAction->runWithParams()
#13 D:\phpStudy\WWW\yii1\framework\web\CController.php(286): SiteController->runAction()
#14 D:\phpStudy\WWW\yii1\framework\web\CController.php(265): SiteController->runActionWithFilters()
#15 D:\phpStudy\WWW\yii1\framework\web\CWebApplication.php(282): SiteController->run()
#16 D:\phpStudy\WWW\yii1\framework\web\CWebApplication.php(141): CWebApplication->runController()
#17 D:\phpStudy\WWW\yii1\framework\base\CApplication.php(185): CWebApplication->processRequest()
#18 D:\phpStudy\WWW\yii1\app\index.php(13): CWebApplication->run()
REQUEST_URI=/
in D:\phpStudy\WWW\yii1\app\protected\views\layouts\main.php (51)
in D:\phpStudy\WWW\yii1\app\protected\views\layouts\column1.php (6)
in D:\phpStudy\WWW\yii1\app\protected\controllers\SiteController.php (32)
2017/06/26 15:46:42 [error] [exception.CException] exception 'CException' with message 'Property "User.rememberMe" is not defined.' in D:\phpStudy\WWW\yii1\framework\base\CComponent.php:130
Stack trace:
#0 D:\phpStudy\WWW\yii1\framework\db\ar\CActiveRecord.php(145): CComponent->__get('rememberMe')
#1 D:\phpStudy\WWW\yii1\framework\web\helpers\CHtml.php(2747): CActiveRecord->__get('rememberMe')
#2 D:\phpStudy\WWW\yii1\framework\web\helpers\CHtml.php(1933): CHtml::resolveValue(Object(User), 'rememberMe')
#3 D:\phpStudy\WWW\yii1\app\protected\views\user\login.php(25): CHtml::activeCheckBox(Object(User), 'rememberMe')
#4 D:\phpStudy\WWW\yii1\framework\web\CBaseController.php(126): require('D:\\phpStudy\\WWW...')
#5 D:\phpStudy\WWW\yii1\framework\web\CBaseController.php(95): CBaseController->renderInternal('D:\\phpStudy\\WWW...', Array, true)
#6 D:\phpStudy\WWW\yii1\framework\web\CController.php(872): CBaseController->renderFile('D:\\phpStudy\\WWW...', Array, true)
#7 D:\phpStudy\WWW\yii1\framework\web\CController.php(785): CController->renderPartial('login', Array, true)
#8 D:\phpStudy\WWW\yii1\app\protected\controllers\UserController.php(13): CController->render('login', Array)
#9 D:\phpStudy\WWW\yii1\framework\web\actions\CInlineAction.php(49): UserController->actionLogin()
#10 D:\phpStudy\WWW\yii1\framework\web\CController.php(308): CInlineAction->runWithParams(Array)
#11 D:\phpStudy\WWW\yii1\framework\web\CController.php(286): CController->runAction(Object(CInlineAction))
#12 D:\phpStudy\WWW\yii1\framework\web\CController.php(265): CController->runActionWithFilters(Object(CInlineAction), Array)
#13 D:\phpStudy\WWW\yii1\framework\web\CWebApplication.php(282): CController->run('login')
#14 D:\phpStudy\WWW\yii1\framework\web\CWebApplication.php(141): CWebApplication->runController('user/login')
#15 D:\phpStudy\WWW\yii1\framework\base\CApplication.php(185): CWebApplication->processRequest()
#16 D:\phpStudy\WWW\yii1\app\index.php(13): CApplication->run()
#17 {main}
REQUEST_URI=/index.php?r=user/login
HTTP_REFERER=http://www.peng.com/index.php?r=user/login
---
2017/06/26 16:34:56 [error] [exception.CException] exception 'CException' with message 'Property "User.username" is not defined.' in D:\phpStudy\WWW\yii1\framework\base\CComponent.php:173
Stack trace:
#0 D:\phpStudy\WWW\yii1\app\protected\controllers\UserController.php(14): CComponent->__set('username', 'x')
#1 D:\phpStudy\WWW\yii1\framework\web\actions\CInlineAction.php(49): UserController->actionLogin()
#2 D:\phpStudy\WWW\yii1\framework\web\CController.php(308): CInlineAction->runWithParams(Array)
#3 D:\phpStudy\WWW\yii1\framework\web\CController.php(286): CController->runAction(Object(CInlineAction))
#4 D:\phpStudy\WWW\yii1\framework\web\CController.php(265): CController->runActionWithFilters(Object(CInlineAction), Array)
#5 D:\phpStudy\WWW\yii1\framework\web\CWebApplication.php(282): CController->run('login')
#6 D:\phpStudy\WWW\yii1\framework\web\CWebApplication.php(141): CWebApplication->runController('user/login')
#7 D:\phpStudy\WWW\yii1\framework\base\CApplication.php(185): CWebApplication->processRequest()
#8 D:\phpStudy\WWW\yii1\app\index.php(13): CApplication->run()
#9 {main}
REQUEST_URI=/index.php?r=user/login
HTTP_REFERER=http://www.peng.com/index.php?r=user/login
---
2017/06/26 17:32:59 [error] [php] include(HTML5.php): failed to open stream: No such file or directory (D:\phpStudy\WWW\yii1\framework\YiiBase.php:432)
Stack trace:
#0 D:\phpStudy\WWW\yii1\app\protected\views\user\index.php(1): spl_autoload_call()
#1 D:\phpStudy\WWW\yii1\framework\web\CBaseController.php(126): require()
#2 D:\phpStudy\WWW\yii1\framework\web\CBaseController.php(95): UserController->renderInternal()
#3 D:\phpStudy\WWW\yii1\framework\web\CController.php(872): UserController->renderFile()
#4 D:\phpStudy\WWW\yii1\framework\web\CController.php(785): UserController->renderPartial()
#5 D:\phpStudy\WWW\yii1\app\protected\controllers\UserController.php(11): UserController->render()
#6 D:\phpStudy\WWW\yii1\framework\web\actions\CInlineAction.php(49): UserController->actionIndex()
#7 D:\phpStudy\WWW\yii1\framework\web\CController.php(308): CInlineAction->runWithParams()
#8 D:\phpStudy\WWW\yii1\framework\web\CController.php(286): UserController->runAction()
#9 D:\phpStudy\WWW\yii1\framework\web\CController.php(265): UserController->runActionWithFilters()
#10 D:\phpStudy\WWW\yii1\framework\web\CWebApplication.php(282): UserController->run()
#11 D:\phpStudy\WWW\yii1\framework\web\CWebApplication.php(141): CWebApplication->runController()
#12 D:\phpStudy\WWW\yii1\framework\base\CApplication.php(185): CWebApplication->processRequest()
#13 D:\phpStudy\WWW\yii1\app\index.php(13): CWebApplication->run()
REQUEST_URI=/index.php?r=user/index
in D:\phpStudy\WWW\yii1\app\protected\views\user\index.php (1)
in D:\phpStudy\WWW\yii1\app\protected\controllers\UserController.php (11)
in D:\phpStudy\WWW\yii1\app\index.php (13)
2017/06/26 17:43:42 [error] [exception.CHttpException.404] exception 'CHttpException' with message 'Unable to resolve the request "delete".' in D:\phpStudy\WWW\yii1\framework\web\CWebApplication.php:286
Stack trace:
#0 D:\phpStudy\WWW\yii1\framework\web\CWebApplication.php(141): CWebApplication->runController('delete')
#1 D:\phpStudy\WWW\yii1\framework\base\CApplication.php(185): CWebApplication->processRequest()
#2 D:\phpStudy\WWW\yii1\app\index.php(13): CApplication->run()
#3 {main}
REQUEST_URI=/index.php?r=delete&id=1
HTTP_REFERER=http://www.peng.com/index.php?r=user/index
---
2017/06/26 17:44:20 [error] [exception.CHttpException.404] exception 'CHttpException' with message 'The system is unable to find the requested action "delete".' in D:\phpStudy\WWW\yii1\framework\web\CController.php:486
Stack trace:
#0 D:\phpStudy\WWW\yii1\framework\web\CController.php(270): CController->missingAction('delete')
#1 D:\phpStudy\WWW\yii1\framework\web\CWebApplication.php(282): CController->run('delete')
#2 D:\phpStudy\WWW\yii1\framework\web\CWebApplication.php(141): CWebApplication->runController('User/delete')
#3 D:\phpStudy\WWW\yii1\framework\base\CApplication.php(185): CWebApplication->processRequest()
#4 D:\phpStudy\WWW\yii1\app\index.php(13): CApplication->run()
#5 {main}
REQUEST_URI=/index.php?r=User/delete&id=5
HTTP_REFERER=http://www.peng.com/index.php?r=user/index
---
2017/06/26 17:45:16 [error] [exception.CHttpException.404] exception 'CHttpException' with message 'The system is unable to find the requested action "delete".' in D:\phpStudy\WWW\yii1\framework\web\CController.php:486
Stack trace:
#0 D:\phpStudy\WWW\yii1\framework\web\CController.php(270): CController->missingAction('delete')
#1 D:\phpStudy\WWW\yii1\framework\web\CWebApplication.php(282): CController->run('delete')
#2 D:\phpStudy\WWW\yii1\framework\web\CWebApplication.php(141): CWebApplication->runController('User/delete')
#3 D:\phpStudy\WWW\yii1\framework\base\CApplication.php(185): CWebApplication->processRequest()
#4 D:\phpStudy\WWW\yii1\app\index.php(13): CApplication->run()
#5 {main}
REQUEST_URI=/index.php?r=User/delete&id=5
HTTP_REFERER=http://www.peng.com/index.php?r=user/index
---
2017/06/26 17:52:40 [error] [exception.CHttpException.404] exception 'CHttpException' with message 'The system is unable to find the requested action "delete".' in D:\phpStudy\WWW\yii1\framework\web\CController.php:486
Stack trace:
#0 D:\phpStudy\WWW\yii1\framework\web\CController.php(270): CController->missingAction('delete')
#1 D:\phpStudy\WWW\yii1\framework\web\CWebApplication.php(282): CController->run('delete')
#2 D:\phpStudy\WWW\yii1\framework\web\CWebApplication.php(141): CWebApplication->runController('User/delete')
#3 D:\phpStudy\WWW\yii1\framework\base\CApplication.php(185): CWebApplication->processRequest()
#4 D:\phpStudy\WWW\yii1\app\index.php(13): CApplication->run()
#5 {main}
REQUEST_URI=/index.php?r=User/delete&id=1
HTTP_REFERER=http://www.peng.com/index.php?r=user/index
---
2017/06/27 10:15:51 [error] [exception.CDbException] exception 'CDbException' with message 'The active record cannot be deleted because it is new.' in D:\phpStudy\WWW\yii1\framework\db\ar\CActiveRecord.php:1238
Stack trace:
#0 D:\phpStudy\WWW\yii1\app\protected\controllers\UserController.php(29): CActiveRecord->delete('2')
#1 [internal function]: UserController->actionDelete('2')
#2 D:\phpStudy\WWW\yii1\framework\web\actions\CAction.php(109): ReflectionMethod->invokeArgs(Object(UserController), Array)
#3 D:\phpStudy\WWW\yii1\framework\web\actions\CInlineAction.php(47): CAction->runWithParamsInternal(Object(UserController), Object(ReflectionMethod), Array)
#4 D:\phpStudy\WWW\yii1\framework\web\CController.php(308): CInlineAction->runWithParams(Array)
#5 D:\phpStudy\WWW\yii1\framework\web\CController.php(286): CController->runAction(Object(CInlineAction))
#6 D:\phpStudy\WWW\yii1\framework\web\CController.php(265): CController->runActionWithFilters(Object(CInlineAction), Array)
#7 D:\phpStudy\WWW\yii1\framework\web\CWebApplication.php(282): CController->run('delete')
#8 D:\phpStudy\WWW\yii1\framework\web\CWebApplication.php(141): CWebApplication->runController('User/delete')
#9 D:\phpStudy\WWW\yii1\framework\base\CApplication.php(185): CWebApplication->processRequest()
#10 D:\phpStudy\WWW\yii1\app\index.php(13): CApplication->run()
#11 {main}
REQUEST_URI=/index.php?r=User/delete&id=2
HTTP_REFERER=http://www.peng.com/index.php?r=user/index
---
2017/06/27 11:46:31 [error] [php] Undefined variable: model (D:\phpStudy\WWW\yii1\app\protected\views\user\edit.php:4)
Stack trace:
#0 D:\phpStudy\WWW\yii1\framework\web\CController.php(872): UserController->renderFile()
#1 D:\phpStudy\WWW\yii1\framework\web\CController.php(785): UserController->renderPartial()
#2 D:\phpStudy\WWW\yii1\app\protected\controllers\UserController.php(60): UserController->render()
#3 unknown(0): UserController->actionEdit()
#4 D:\phpStudy\WWW\yii1\framework\web\actions\CAction.php(109): ReflectionMethod->invokeArgs()
#5 D:\phpStudy\WWW\yii1\framework\web\actions\CInlineAction.php(47): CInlineAction->runWithParamsInternal()
#6 D:\phpStudy\WWW\yii1\framework\web\CController.php(308): CInlineAction->runWithParams()
#7 D:\phpStudy\WWW\yii1\framework\web\CController.php(286): UserController->runAction()
#8 D:\phpStudy\WWW\yii1\framework\web\CController.php(265): UserController->runActionWithFilters()
#9 D:\phpStudy\WWW\yii1\framework\web\CWebApplication.php(282): UserController->run()
#10 D:\phpStudy\WWW\yii1\framework\web\CWebApplication.php(141): CWebApplication->runController()
#11 D:\phpStudy\WWW\yii1\framework\base\CApplication.php(185): CWebApplication->processRequest()
#12 D:\phpStudy\WWW\yii1\app\index.php(13): CWebApplication->run()
REQUEST_URI=/index.php?r=User/edit&id=17
in D:\phpStudy\WWW\yii1\app\protected\views\user\edit.php (4)
in D:\phpStudy\WWW\yii1\app\protected\controllers\UserController.php (60)
in D:\phpStudy\WWW\yii1\app\index.php (13)
2017/06/27 12:08:21 [error] [php] Object of class User could not be converted to string (D:\phpStudy\WWW\yii1\framework\web\helpers\CHtml.php:2371)
Stack trace:
#0 D:\phpStudy\WWW\yii1\framework\web\helpers\CHtml.php(827): inputField()
#1 D:\phpStudy\WWW\yii1\app\protected\views\user\edit.php(7): hiddenField()
#2 D:\phpStudy\WWW\yii1\framework\web\CBaseController.php(126): require()
#3 D:\phpStudy\WWW\yii1\framework\web\CBaseController.php(95): UserController->renderInternal()
#4 D:\phpStudy\WWW\yii1\framework\web\CController.php(872): UserController->renderFile()
#5 D:\phpStudy\WWW\yii1\framework\web\CController.php(785): UserController->renderPartial()
#6 D:\phpStudy\WWW\yii1\app\protected\controllers\UserController.php(60): UserController->render()
#7 unknown(0): UserController->actionEdit()
#8 D:\phpStudy\WWW\yii1\framework\web\actions\CAction.php(109): ReflectionMethod->invokeArgs()
#9 D:\phpStudy\WWW\yii1\framework\web\actions\CInlineAction.php(47): CInlineAction->runWithParamsInternal()
#10 D:\phpStudy\WWW\yii1\framework\web\CController.php(308): CInlineAction->runWithParams()
#11 D:\phpStudy\WWW\yii1\framework\web\CController.php(286): UserController->runAction()
#12 D:\phpStudy\WWW\yii1\framework\web\CController.php(265): UserController->runActionWithFilters()
#13 D:\phpStudy\WWW\yii1\framework\web\CWebApplication.php(282): UserController->run()
#14 D:\phpStudy\WWW\yii1\framework\web\CWebApplication.php(141): CWebApplication->runController()
#15 D:\phpStudy\WWW\yii1\framework\base\CApplication.php(185): CWebApplication->processRequest()
#16 D:\phpStudy\WWW\yii1\app\index.php(13): CWebApplication->run()
REQUEST_URI=/index.php?r=User/edit&id=16
in D:\phpStudy\WWW\yii1\app\protected\views\user\edit.php (7)
in D:\phpStudy\WWW\yii1\app\protected\controllers\UserController.php (60)
in D:\phpStudy\WWW\yii1\app\index.php (13)
2017/06/27 12:08:36 [error] [php] Object of class User could not be converted to string (D:\phpStudy\WWW\yii1\framework\web\helpers\CHtml.php:2371)
Stack trace:
#0 D:\phpStudy\WWW\yii1\framework\web\helpers\CHtml.php(827): inputField()
#1 D:\phpStudy\WWW\yii1\app\protected\views\user\edit.php(7): hiddenField()
#2 D:\phpStudy\WWW\yii1\framework\web\CBaseController.php(126): require()
#3 D:\phpStudy\WWW\yii1\framework\web\CBaseController.php(95): UserController->renderInternal()
#4 D:\phpStudy\WWW\yii1\framework\web\CController.php(872): UserController->renderFile()
#5 D:\phpStudy\WWW\yii1\framework\web\CController.php(785): UserController->renderPartial()
#6 D:\phpStudy\WWW\yii1\app\protected\controllers\UserController.php(60): UserController->render()
#7 unknown(0): UserController->actionEdit()
#8 D:\phpStudy\WWW\yii1\framework\web\actions\CAction.php(109): ReflectionMethod->invokeArgs()
#9 D:\phpStudy\WWW\yii1\framework\web\actions\CInlineAction.php(47): CInlineAction->runWithParamsInternal()
#10 D:\phpStudy\WWW\yii1\framework\web\CController.php(308): CInlineAction->runWithParams()
#11 D:\phpStudy\WWW\yii1\framework\web\CController.php(286): UserController->runAction()
#12 D:\phpStudy\WWW\yii1\framework\web\CController.php(265): UserController->runActionWithFilters()
#13 D:\phpStudy\WWW\yii1\framework\web\CWebApplication.php(282): UserController->run()
#14 D:\phpStudy\WWW\yii1\framework\web\CWebApplication.php(141): CWebApplication->runController()
#15 D:\phpStudy\WWW\yii1\framework\base\CApplication.php(185): CWebApplication->processRequest()
#16 D:\phpStudy\WWW\yii1\app\index.php(13): CWebApplication->run()
REQUEST_URI=/index.php?r=User/edit&id=16
in D:\phpStudy\WWW\yii1\app\protected\views\user\edit.php (7)
in D:\phpStudy\WWW\yii1\app\protected\controllers\UserController.php (60)
in D:\phpStudy\WWW\yii1\app\index.php (13)
2017/06/27 12:09:15 [error] [php] Object of class User could not be converted to string (D:\phpStudy\WWW\yii1\framework\web\helpers\CHtml.php:2371)
Stack trace:
#0 D:\phpStudy\WWW\yii1\framework\web\helpers\CHtml.php(827): inputField()
#1 D:\phpStudy\WWW\yii1\app\protected\views\user\edit.php(7): hiddenField()
#2 D:\phpStudy\WWW\yii1\framework\web\CBaseController.php(126): require()
#3 D:\phpStudy\WWW\yii1\framework\web\CBaseController.php(95): UserController->renderInternal()
#4 D:\phpStudy\WWW\yii1\framework\web\CController.php(872): UserController->renderFile()
#5 D:\phpStudy\WWW\yii1\framework\web\CController.php(785): UserController->renderPartial()
#6 D:\phpStudy\WWW\yii1\app\protected\controllers\UserController.php(60): UserController->render()
#7 unknown(0): UserController->actionEdit()
#8 D:\phpStudy\WWW\yii1\framework\web\actions\CAction.php(109): ReflectionMethod->invokeArgs()
#9 D:\phpStudy\WWW\yii1\framework\web\actions\CInlineAction.php(47): CInlineAction->runWithParamsInternal()
#10 D:\phpStudy\WWW\yii1\framework\web\CController.php(308): CInlineAction->runWithParams()
#11 D:\phpStudy\WWW\yii1\framework\web\CController.php(286): UserController->runAction()
#12 D:\phpStudy\WWW\yii1\framework\web\CController.php(265): UserController->runActionWithFilters()
#13 D:\phpStudy\WWW\yii1\framework\web\CWebApplication.php(282): UserController->run()
#14 D:\phpStudy\WWW\yii1\framework\web\CWebApplication.php(141): CWebApplication->runController()
#15 D:\phpStudy\WWW\yii1\framework\base\CApplication.php(185): CWebApplication->processRequest()
#16 D:\phpStudy\WWW\yii1\app\index.php(13): CWebApplication->run()
REQUEST_URI=/index.php?r=User/edit&id=16
in D:\phpStudy\WWW\yii1\app\protected\views\user\edit.php (7)
in D:\phpStudy\WWW\yii1\app\protected\controllers\UserController.php (60)
in D:\phpStudy\WWW\yii1\app\index.php (13)
2017/06/27 13:54:44 [error] [system.db.CDbCommand] CDbCommand::execute() failed: SQLSTATE[23000]: Integrity constraint violation: 1062 Duplicate entry '17' for key 'PRIMARY'. The SQL statement executed was: INSERT INTO `user` (`id`, `username`, `password`) VALUES (:yp0, :yp1, :yp2).
in D:\phpStudy\WWW\yii1\app\protected\controllers\UserController.php (61)
in D:\phpStudy\WWW\yii1\app\index.php (13)
2017/06/27 13:54:44 [error] [exception.CDbException] exception 'CDbException' with message 'CDbCommand failed to execute the SQL statement: SQLSTATE[23000]: Integrity constraint violation: 1062 Duplicate entry '17' for key 'PRIMARY'. The SQL statement executed was: INSERT INTO `user` (`id`, `username`, `password`) VALUES (:yp0, :yp1, :yp2)' in D:\phpStudy\WWW\yii1\framework\db\CDbCommand.php:358
Stack trace:
#0 D:\phpStudy\WWW\yii1\framework\db\ar\CActiveRecord.php(1083): CDbCommand->execute()
#1 D:\phpStudy\WWW\yii1\framework\db\ar\CActiveRecord.php(811): CActiveRecord->insert(NULL)
#2 D:\phpStudy\WWW\yii1\app\protected\controllers\UserController.php(61): CActiveRecord->save()
#3 [internal function]: UserController->actionEdit('17')
#4 D:\phpStudy\WWW\yii1\framework\web\actions\CAction.php(109): ReflectionMethod->invokeArgs(Object(UserController), Array)
#5 D:\phpStudy\WWW\yii1\framework\web\actions\CInlineAction.php(47): CAction->runWithParamsInternal(Object(UserController), Object(ReflectionMethod), Array)
#6 D:\phpStudy\WWW\yii1\framework\web\CController.php(308): CInlineAction->runWithParams(Array)
#7 D:\phpStudy\WWW\yii1\framework\web\CController.php(286): CController->runAction(Object(CInlineAction))
#8 D:\phpStudy\WWW\yii1\framework\web\CController.php(265): CController->runActionWithFilters(Object(CInlineAction), Array)
#9 D:\phpStudy\WWW\yii1\framework\web\CWebApplication.php(282): CController->run('edit')
#10 D:\phpStudy\WWW\yii1\framework\web\CWebApplication.php(141): CWebApplication->runController('User/edit')
#11 D:\phpStudy\WWW\yii1\framework\base\CApplication.php(185): CWebApplication->processRequest()
#12 D:\phpStudy\WWW\yii1\app\index.php(13): CApplication->run()
#13 {main}
REQUEST_URI=/index.php?r=User/edit&id=17
HTTP_REFERER=http://www.peng.com/index.php?r=User/edit&id=17
---
2017/06/27 13:56:16 [error] [exception.CDbException] exception 'CDbException' with message 'The active record cannot be updated because it is new.' in D:\phpStudy\WWW\yii1\framework\db\ar\CActiveRecord.php:1124
Stack trace:
#0 D:\phpStudy\WWW\yii1\app\protected\controllers\UserController.php(61): CActiveRecord->update()
#1 [internal function]: UserController->actionEdit('17')
#2 D:\phpStudy\WWW\yii1\framework\web\actions\CAction.php(109): ReflectionMethod->invokeArgs(Object(UserController), Array)
#3 D:\phpStudy\WWW\yii1\framework\web\actions\CInlineAction.php(47): CAction->runWithParamsInternal(Object(UserController), Object(ReflectionMethod), Array)
#4 D:\phpStudy\WWW\yii1\framework\web\CController.php(308): CInlineAction->runWithParams(Array)
#5 D:\phpStudy\WWW\yii1\framework\web\CController.php(286): CController->runAction(Object(CInlineAction))
#6 D:\phpStudy\WWW\yii1\framework\web\CController.php(265): CController->runActionWithFilters(Object(CInlineAction), Array)
#7 D:\phpStudy\WWW\yii1\framework\web\CWebApplication.php(282): CController->run('edit')
#8 D:\phpStudy\WWW\yii1\framework\web\CWebApplication.php(141): CWebApplication->runController('User/edit')
#9 D:\phpStudy\WWW\yii1\framework\base\CApplication.php(185): CWebApplication->processRequest()
#10 D:\phpStudy\WWW\yii1\app\index.php(13): CApplication->run()
#11 {main}
REQUEST_URI=/index.php?r=User/edit&id=17
HTTP_REFERER=http://www.peng.com/index.php?r=User/edit&id=17
---
2017/06/27 13:56:38 [error] [php] Missing argument 1 for CActiveRecord::updateAll(), called in D:\phpStudy\WWW\yii1\app\protected\controllers\UserController.php on line 61 and defined (D:\phpStudy\WWW\yii1\framework\db\ar\CActiveRecord.php:1768)
Stack trace:
#0 D:\phpStudy\WWW\yii1\framework\web\actions\CAction.php(109): ReflectionMethod->invokeArgs()
#1 D:\phpStudy\WWW\yii1\framework\web\actions\CInlineAction.php(47): CInlineAction->runWithParamsInternal()
#2 D:\phpStudy\WWW\yii1\framework\web\CController.php(308): CInlineAction->runWithParams()
#3 D:\phpStudy\WWW\yii1\framework\web\CController.php(286): UserController->runAction()
#4 D:\phpStudy\WWW\yii1\framework\web\CController.php(265): UserController->runActionWithFilters()
#5 D:\phpStudy\WWW\yii1\framework\web\CWebApplication.php(282): UserController->run()
#6 D:\phpStudy\WWW\yii1\framework\web\CWebApplication.php(141): CWebApplication->runController()
#7 D:\phpStudy\WWW\yii1\framework\base\CApplication.php(185): CWebApplication->processRequest()
#8 D:\phpStudy\WWW\yii1\app\index.php(13): CWebApplication->run()
REQUEST_URI=/index.php?r=User/edit&id=17
in D:\phpStudy\WWW\yii1\app\protected\controllers\UserController.php (61)
in D:\phpStudy\WWW\yii1\app\index.php (13)
2017/06/27 13:57:03 [error] [exception.CDbException] exception 'CDbException' with message 'The active record cannot be updated because it is new.' in D:\phpStudy\WWW\yii1\framework\db\ar\CActiveRecord.php:1124
Stack trace:
#0 D:\phpStudy\WWW\yii1\app\protected\controllers\UserController.php(61): CActiveRecord->update(Array)
#1 [internal function]: UserController->actionEdit('17')
#2 D:\phpStudy\WWW\yii1\framework\web\actions\CAction.php(109): ReflectionMethod->invokeArgs(Object(UserController), Array)
#3 D:\phpStudy\WWW\yii1\framework\web\actions\CInlineAction.php(47): CAction->runWithParamsInternal(Object(UserController), Object(ReflectionMethod), Array)
#4 D:\phpStudy\WWW\yii1\framework\web\CController.php(308): CInlineAction->runWithParams(Array)
#5 D:\phpStudy\WWW\yii1\framework\web\CController.php(286): CController->runAction(Object(CInlineAction))
#6 D:\phpStudy\WWW\yii1\framework\web\CController.php(265): CController->runActionWithFilters(Object(CInlineAction), Array)
#7 D:\phpStudy\WWW\yii1\framework\web\CWebApplication.php(282): CController->run('edit')
#8 D:\phpStudy\WWW\yii1\framework\web\CWebApplication.php(141): CWebApplication->runController('User/edit')
#9 D:\phpStudy\WWW\yii1\framework\base\CApplication.php(185): CWebApplication->processRequest()
#10 D:\phpStudy\WWW\yii1\app\index.php(13): CApplication->run()
#11 {main}
REQUEST_URI=/index.php?r=User/edit&id=17
HTTP_REFERER=http://www.peng.com/index.php?r=User/edit&id=17
---
2017/06/27 13:57:20 [error] [system.db.CDbCommand] CDbCommand::execute() failed: SQLSTATE[23000]: Integrity constraint violation: 1062 Duplicate entry '17' for key 'PRIMARY'. The SQL statement executed was: UPDATE `user` SET `id`=:yp0, `username`=:yp1, `password`=:yp2.
in D:\phpStudy\WWW\yii1\app\protected\controllers\UserController.php (61)
in D:\phpStudy\WWW\yii1\app\index.php (13)
2017/06/27 13:57:20 [error] [exception.CDbException] exception 'CDbException' with message 'CDbCommand failed to execute the SQL statement: SQLSTATE[23000]: Integrity constraint violation: 1062 Duplicate entry '17' for key 'PRIMARY'. The SQL statement executed was: UPDATE `user` SET `id`=:yp0, `username`=:yp1, `password`=:yp2' in D:\phpStudy\WWW\yii1\framework\db\CDbCommand.php:358
Stack trace:
#0 D:\phpStudy\WWW\yii1\framework\db\ar\CActiveRecord.php(1774): CDbCommand->execute()
#1 D:\phpStudy\WWW\yii1\app\protected\controllers\UserController.php(61): CActiveRecord->updateAll(Array)
#2 [internal function]: UserController->actionEdit('17')
#3 D:\phpStudy\WWW\yii1\framework\web\actions\CAction.php(109): ReflectionMethod->invokeArgs(Object(UserController), Array)
#4 D:\phpStudy\WWW\yii1\framework\web\actions\CInlineAction.php(47): CAction->runWithParamsInternal(Object(UserController), Object(ReflectionMethod), Array)
#5 D:\phpStudy\WWW\yii1\framework\web\CController.php(308): CInlineAction->runWithParams(Array)
#6 D:\phpStudy\WWW\yii1\framework\web\CController.php(286): CController->runAction(Object(CInlineAction))
#7 D:\phpStudy\WWW\yii1\framework\web\CController.php(265): CController->runActionWithFilters(Object(CInlineAction), Array)
#8 D:\phpStudy\WWW\yii1\framework\web\CWebApplication.php(282): CController->run('edit')
#9 D:\phpStudy\WWW\yii1\framework\web\CWebApplication.php(141): CWebApplication->runController('User/edit')
#10 D:\phpStudy\WWW\yii1\framework\base\CApplication.php(185): CWebApplication->processRequest()
#11 D:\phpStudy\WWW\yii1\app\index.php(13): CApplication->run()
#12 {main}
REQUEST_URI=/index.php?r=User/edit&id=17
HTTP_REFERER=http://www.peng.com/index.php?r=User/edit&id=17
---
2017/06/27 13:58:18 [error] [php] Missing argument 2 for CActiveRecord::updateByPk(), called in D:\phpStudy\WWW\yii1\app\protected\controllers\UserController.php on line 61 and defined (D:\phpStudy\WWW\yii1\framework\db\ar\CActiveRecord.php:1749)
Stack trace:
#0 D:\phpStudy\WWW\yii1\framework\web\actions\CAction.php(109): ReflectionMethod->invokeArgs()
#1 D:\phpStudy\WWW\yii1\framework\web\actions\CInlineAction.php(47): CInlineAction->runWithParamsInternal()
#2 D:\phpStudy\WWW\yii1\framework\web\CController.php(308): CInlineAction->runWithParams()
#3 D:\phpStudy\WWW\yii1\framework\web\CController.php(286): UserController->runAction()
#4 D:\phpStudy\WWW\yii1\framework\web\CController.php(265): UserController->runActionWithFilters()
#5 D:\phpStudy\WWW\yii1\framework\web\CWebApplication.php(282): UserController->run()
#6 D:\phpStudy\WWW\yii1\framework\web\CWebApplication.php(141): CWebApplication->runController()
#7 D:\phpStudy\WWW\yii1\framework\base\CApplication.php(185): CWebApplication->processRequest()
#8 D:\phpStudy\WWW\yii1\app\index.php(13): CWebApplication->run()
REQUEST_URI=/index.php?r=User/edit&id=17
in D:\phpStudy\WWW\yii1\app\protected\controllers\UserController.php (61)
in D:\phpStudy\WWW\yii1\app\index.php (13)
2017/06/27 13:59:06 [error] [system.db.CDbCommand] CDbCommand::execute() failed: SQLSTATE[23000]: Integrity constraint violation: 1062 Duplicate entry '17' for key 'PRIMARY'. The SQL statement executed was: INSERT INTO `user` (`id`, `username`, `password`) VALUES (:yp0, :yp1, :yp2).
in D:\phpStudy\WWW\yii1\app\protected\controllers\UserController.php (61)
in D:\phpStudy\WWW\yii1\app\index.php (13)
2017/06/27 13:59:06 [error] [exception.CDbException] exception 'CDbException' with message 'CDbCommand failed to execute the SQL statement: SQLSTATE[23000]: Integrity constraint violation: 1062 Duplicate entry '17' for key 'PRIMARY'. The SQL statement executed was: INSERT INTO `user` (`id`, `username`, `password`) VALUES (:yp0, :yp1, :yp2)' in D:\phpStudy\WWW\yii1\framework\db\CDbCommand.php:358
Stack trace:
#0 D:\phpStudy\WWW\yii1\framework\db\ar\CActiveRecord.php(1083): CDbCommand->execute()
#1 D:\phpStudy\WWW\yii1\framework\db\ar\CActiveRecord.php(811): CActiveRecord->insert(NULL)
#2 D:\phpStudy\WWW\yii1\app\protected\controllers\UserController.php(61): CActiveRecord->save()
#3 [internal function]: UserController->actionEdit('17')
#4 D:\phpStudy\WWW\yii1\framework\web\actions\CAction.php(109): ReflectionMethod->invokeArgs(Object(UserController), Array)
#5 D:\phpStudy\WWW\yii1\framework\web\actions\CInlineAction.php(47): CAction->runWithParamsInternal(Object(UserController), Object(ReflectionMethod), Array)
#6 D:\phpStudy\WWW\yii1\framework\web\CController.php(308): CInlineAction->runWithParams(Array)
#7 D:\phpStudy\WWW\yii1\framework\web\CController.php(286): CController->runAction(Object(CInlineAction))
#8 D:\phpStudy\WWW\yii1\framework\web\CController.php(265): CController->runActionWithFilters(Object(CInlineAction), Array)
#9 D:\phpStudy\WWW\yii1\framework\web\CWebApplication.php(282): CController->run('edit')
#10 D:\phpStudy\WWW\yii1\framework\web\CWebApplication.php(141): CWebApplication->runController('User/edit')
#11 D:\phpStudy\WWW\yii1\framework\base\CApplication.php(185): CWebApplication->processRequest()
#12 D:\phpStudy\WWW\yii1\app\index.php(13): CApplication->run()
#13 {main}
REQUEST_URI=/index.php?r=User/edit&id=17
HTTP_REFERER=http://www.peng.com/index.php?r=User/edit&id=17
---
2017/06/27 14:00:33 [error] [system.db.CDbCommand] CDbCommand::execute() failed: SQLSTATE[23000]: Integrity constraint violation: 1062 Duplicate entry '17' for key 'PRIMARY'. The SQL statement executed was: INSERT INTO `user` (`id`, `username`, `password`) VALUES (:yp0, :yp1, :yp2).
in D:\phpStudy\WWW\yii1\app\protected\controllers\UserController.php (61)
in D:\phpStudy\WWW\yii1\app\index.php (13)
2017/06/27 14:00:33 [error] [exception.CDbException] exception 'CDbException' with message 'CDbCommand failed to execute the SQL statement: SQLSTATE[23000]: Integrity constraint violation: 1062 Duplicate entry '17' for key 'PRIMARY'. The SQL statement executed was: INSERT INTO `user` (`id`, `username`, `password`) VALUES (:yp0, :yp1, :yp2)' in D:\phpStudy\WWW\yii1\framework\db\CDbCommand.php:358
Stack trace:
#0 D:\phpStudy\WWW\yii1\framework\db\ar\CActiveRecord.php(1083): CDbCommand->execute()
#1 D:\phpStudy\WWW\yii1\framework\db\ar\CActiveRecord.php(811): CActiveRecord->insert(NULL)
#2 D:\phpStudy\WWW\yii1\app\protected\controllers\UserController.php(61): CActiveRecord->save()
#3 [internal function]: UserController->actionEdit('17')
#4 D:\phpStudy\WWW\yii1\framework\web\actions\CAction.php(109): ReflectionMethod->invokeArgs(Object(UserController), Array)
#5 D:\phpStudy\WWW\yii1\framework\web\actions\CInlineAction.php(47): CAction->runWithParamsInternal(Object(UserController), Object(ReflectionMethod), Array)
#6 D:\phpStudy\WWW\yii1\framework\web\CController.php(308): CInlineAction->runWithParams(Array)
#7 D:\phpStudy\WWW\yii1\framework\web\CController.php(286): CController->runAction(Object(CInlineAction))
#8 D:\phpStudy\WWW\yii1\framework\web\CController.php(265): CController->runActionWithFilters(Object(CInlineAction), Array)
#9 D:\phpStudy\WWW\yii1\framework\web\CWebApplication.php(282): CController->run('edit')
#10 D:\phpStudy\WWW\yii1\framework\web\CWebApplication.php(141): CWebApplication->runController('User/edit')
#11 D:\phpStudy\WWW\yii1\framework\base\CApplication.php(185): CWebApplication->processRequest()
#12 D:\phpStudy\WWW\yii1\app\index.php(13): CApplication->run()
#13 {main}
REQUEST_URI=/index.php?r=User/edit&id=17
HTTP_REFERER=http://www.peng.com/index.php?r=User/edit&id=17
---
2017/06/27 14:06:22 [error] [system.db.CDbCommand] CDbCommand::execute() failed: SQLSTATE[23000]: Integrity constraint violation: 1062 Duplicate entry '17' for key 'PRIMARY'. The SQL statement executed was: INSERT INTO `user` (`id`, `username`, `password`) VALUES (:yp0, :yp1, :yp2).
in D:\phpStudy\WWW\yii1\app\protected\controllers\UserController.php (61)
in D:\phpStudy\WWW\yii1\app\index.php (13)
2017/06/27 14:06:22 [error] [exception.CDbException] exception 'CDbException' with message 'CDbCommand failed to execute the SQL statement: SQLSTATE[23000]: Integrity constraint violation: 1062 Duplicate entry '17' for key 'PRIMARY'. The SQL statement executed was: INSERT INTO `user` (`id`, `username`, `password`) VALUES (:yp0, :yp1, :yp2)' in D:\phpStudy\WWW\yii1\framework\db\CDbCommand.php:358
Stack trace:
#0 D:\phpStudy\WWW\yii1\framework\db\ar\CActiveRecord.php(1083): CDbCommand->execute()
#1 D:\phpStudy\WWW\yii1\framework\db\ar\CActiveRecord.php(811): CActiveRecord->insert(NULL)
#2 D:\phpStudy\WWW\yii1\app\protected\controllers\UserController.php(61): CActiveRecord->save(Array)
#3 [internal function]: UserController->actionEdit('17')
#4 D:\phpStudy\WWW\yii1\framework\web\actions\CAction.php(109): ReflectionMethod->invokeArgs(Object(UserController), Array)
#5 D:\phpStudy\WWW\yii1\framework\web\actions\CInlineAction.php(47): CAction->runWithParamsInternal(Object(UserController), Object(ReflectionMethod), Array)
#6 D:\phpStudy\WWW\yii1\framework\web\CController.php(308): CInlineAction->runWithParams(Array)
#7 D:\phpStudy\WWW\yii1\framework\web\CController.php(286): CController->runAction(Object(CInlineAction))
#8 D:\phpStudy\WWW\yii1\framework\web\CController.php(265): CController->runActionWithFilters(Object(CInlineAction), Array)
#9 D:\phpStudy\WWW\yii1\framework\web\CWebApplication.php(282): CController->run('edit')
#10 D:\phpStudy\WWW\yii1\framework\web\CWebApplication.php(141): CWebApplication->runController('User/edit')
#11 D:\phpStudy\WWW\yii1\framework\base\CApplication.php(185): CWebApplication->processRequest()
#12 D:\phpStudy\WWW\yii1\app\index.php(13): CApplication->run()
#13 {main}
REQUEST_URI=/index.php?r=User/edit&id=17
HTTP_REFERER=http://www.peng.com/index.php?r=User/edit&id=17
---
2017/06/27 14:09:54 [error] [system.db.CDbCommand] CDbCommand::execute() failed: SQLSTATE[42S22]: Column not found: 1054 Unknown column 'status' in 'where clause'. The SQL statement executed was: UPDATE `user` SET `username`=:yp0, `password`=:yp1 WHERE status=:s.
in D:\phpStudy\WWW\yii1\app\protected\controllers\UserController.php (65)
in D:\phpStudy\WWW\yii1\app\index.php (13)
2017/06/27 14:09:54 [error] [exception.CDbException] exception 'CDbException' with message 'CDbCommand failed to execute the SQL statement: SQLSTATE[42S22]: Column not found: 1054 Unknown column 'status' in 'where clause'. The SQL statement executed was: UPDATE `user` SET `username`=:yp0, `password`=:yp1 WHERE status=:s' in D:\phpStudy\WWW\yii1\framework\db\CDbCommand.php:358
Stack trace:
#0 D:\phpStudy\WWW\yii1\framework\db\ar\CActiveRecord.php(1774): CDbCommand->execute()
#1 D:\phpStudy\WWW\yii1\app\protected\controllers\UserController.php(65): CActiveRecord->updateAll(Array, 'status=:s', Array)
#2 [internal function]: UserController->actionEdit('17')
#3 D:\phpStudy\WWW\yii1\framework\web\actions\CAction.php(109): ReflectionMethod->invokeArgs(Object(UserController), Array)
#4 D:\phpStudy\WWW\yii1\framework\web\actions\CInlineAction.php(47): CAction->runWithParamsInternal(Object(UserController), Object(ReflectionMethod), Array)
#5 D:\phpStudy\WWW\yii1\framework\web\CController.php(308): CInlineAction->runWithParams(Array)
#6 D:\phpStudy\WWW\yii1\framework\web\CController.php(286): CController->runAction(Object(CInlineAction))
#7 D:\phpStudy\WWW\yii1\framework\web\CController.php(265): CController->runActionWithFilters(Object(CInlineAction), Array)
#8 D:\phpStudy\WWW\yii1\framework\web\CWebApplication.php(282): CController->run('edit')
#9 D:\phpStudy\WWW\yii1\framework\web\CWebApplication.php(141): CWebApplication->runController('User/edit')
#10 D:\phpStudy\WWW\yii1\framework\base\CApplication.php(185): CWebApplication->processRequest()
#11 D:\phpStudy\WWW\yii1\app\index.php(13): CApplication->run()
#12 {main}
REQUEST_URI=/index.php?r=User/edit&id=17
HTTP_REFERER=http://www.peng.com/index.php?r=User/edit&id=17
---
2017/06/27 14:10:31 [error] [system.db.CDbCommand] CDbCommand::execute() failed: SQLSTATE[HY093]: Invalid parameter number: parameter was not defined. The SQL statement executed was: UPDATE `user` SET `username`=:yp0, `password`=:yp1 WHERE status=:s.
in D:\phpStudy\WWW\yii1\app\protected\controllers\UserController.php (65)
in D:\phpStudy\WWW\yii1\app\index.php (13)
2017/06/27 14:10:31 [error] [exception.CDbException] exception 'CDbException' with message 'CDbCommand failed to execute the SQL statement: SQLSTATE[HY093]: Invalid parameter number: parameter was not defined. The SQL statement executed was: UPDATE `user` SET `username`=:yp0, `password`=:yp1 WHERE status=:s' in D:\phpStudy\WWW\yii1\framework\db\CDbCommand.php:358
Stack trace:
#0 D:\phpStudy\WWW\yii1\framework\db\ar\CActiveRecord.php(1774): CDbCommand->execute()
#1 D:\phpStudy\WWW\yii1\app\protected\controllers\UserController.php(65): CActiveRecord->updateAll(Array, 'status=:s', Array)
#2 [internal function]: UserController->actionEdit('17')
#3 D:\phpStudy\WWW\yii1\framework\web\actions\CAction.php(109): ReflectionMethod->invokeArgs(Object(UserController), Array)
#4 D:\phpStudy\WWW\yii1\framework\web\actions\CInlineAction.php(47): CAction->runWithParamsInternal(Object(UserController), Object(ReflectionMethod), Array)
#5 D:\phpStudy\WWW\yii1\framework\web\CController.php(308): CInlineAction->runWithParams(Array)
#6 D:\phpStudy\WWW\yii1\framework\web\CController.php(286): CController->runAction(Object(CInlineAction))
#7 D:\phpStudy\WWW\yii1\framework\web\CController.php(265): CController->runActionWithFilters(Object(CInlineAction), Array)
#8 D:\phpStudy\WWW\yii1\framework\web\CWebApplication.php(282): CController->run('edit')
#9 D:\phpStudy\WWW\yii1\framework\web\CWebApplication.php(141): CWebApplication->runController('User/edit')
#10 D:\phpStudy\WWW\yii1\framework\base\CApplication.php(185): CWebApplication->processRequest()
#11 D:\phpStudy\WWW\yii1\app\index.php(13): CApplication->run()
#12 {main}
REQUEST_URI=/index.php?r=User/edit&id=17
HTTP_REFERER=http://www.peng.com/index.php?r=User/edit&id=17
---
2017/06/27 14:11:39 [error] [exception.CException] exception 'CException' with message 'Property "CDbCriteria.id" is not defined.' in D:\phpStudy\WWW\yii1\framework\base\CComponent.php:173
Stack trace:
#0 D:\phpStudy\WWW\yii1\framework\db\schema\CDbCriteria.php(160): CComponent->__set('id', '17')
#1 D:\phpStudy\WWW\yii1\framework\db\schema\CDbCommandBuilder.php(588): CDbCriteria->__construct(Array)
#2 D:\phpStudy\WWW\yii1\framework\db\ar\CActiveRecord.php(1772): CDbCommandBuilder->createCriteria(Array, Array)
#3 D:\phpStudy\WWW\yii1\app\protected\controllers\UserController.php(64): CActiveRecord->updateAll(Array, Array)
#4 [internal function]: UserController->actionEdit('17')
#5 D:\phpStudy\WWW\yii1\framework\web\actions\CAction.php(109): ReflectionMethod->invokeArgs(Object(UserController), Array)
#6 D:\phpStudy\WWW\yii1\framework\web\actions\CInlineAction.php(47): CAction->runWithParamsInternal(Object(UserController), Object(ReflectionMethod), Array)
#7 D:\phpStudy\WWW\yii1\framework\web\CController.php(308): CInlineAction->runWithParams(Array)
#8 D:\phpStudy\WWW\yii1\framework\web\CController.php(286): CController->runAction(Object(CInlineAction))
#9 D:\phpStudy\WWW\yii1\framework\web\CController.php(265): CController->runActionWithFilters(Object(CInlineAction), Array)
#10 D:\phpStudy\WWW\yii1\framework\web\CWebApplication.php(282): CController->run('edit')
#11 D:\phpStudy\WWW\yii1\framework\web\CWebApplication.php(141): CWebApplication->runController('User/edit')
#12 D:\phpStudy\WWW\yii1\framework\base\CApplication.php(185): CWebApplication->processRequest()
#13 D:\phpStudy\WWW\yii1\app\index.php(13): CApplication->run()
#14 {main}
REQUEST_URI=/index.php?r=User/edit&id=17
HTTP_REFERER=http://www.peng.com/index.php?r=User/edit&id=17
---
2017/06/27 14:12:38 [error] [system.db.CDbCommand] CDbCommand::execute() failed: SQLSTATE[23000]: Integrity constraint violation: 1062 Duplicate entry '17' for key 'PRIMARY'. The SQL statement executed was: UPDATE `user` SET `username`=:yp0, `password`=:yp1, `id`=:yp2.
in D:\phpStudy\WWW\yii1\app\protected\controllers\UserController.php (63)
in D:\phpStudy\WWW\yii1\app\index.php (13)
2017/06/27 14:12:38 [error] [exception.CDbException] exception 'CDbException' with message 'CDbCommand failed to execute the SQL statement: SQLSTATE[23000]: Integrity constraint violation: 1062 Duplicate entry '17' for key 'PRIMARY'. The SQL statement executed was: UPDATE `user` SET `username`=:yp0, `password`=:yp1, `id`=:yp2' in D:\phpStudy\WWW\yii1\framework\db\CDbCommand.php:358
Stack trace:
#0 D:\phpStudy\WWW\yii1\framework\db\ar\CActiveRecord.php(1774): CDbCommand->execute()
#1 D:\phpStudy\WWW\yii1\app\protected\controllers\UserController.php(63): CActiveRecord->updateAll(Array)
#2 [internal function]: UserController->actionEdit('17')
#3 D:\phpStudy\WWW\yii1\framework\web\actions\CAction.php(109): ReflectionMethod->invokeArgs(Object(UserController), Array)
#4 D:\phpStudy\WWW\yii1\framework\web\actions\CInlineAction.php(47): CAction->runWithParamsInternal(Object(UserController), Object(ReflectionMethod), Array)
#5 D:\phpStudy\WWW\yii1\framework\web\CController.php(308): CInlineAction->runWithParams(Array)
#6 D:\phpStudy\WWW\yii1\framework\web\CController.php(286): CController->runAction(Object(CInlineAction))
#7 D:\phpStudy\WWW\yii1\framework\web\CController.php(265): CController->runActionWithFilters(Object(CInlineAction), Array)
#8 D:\phpStudy\WWW\yii1\framework\web\CWebApplication.php(282): CController->run('edit')
#9 D:\phpStudy\WWW\yii1\framework\web\CWebApplication.php(141): CWebApplication->runController('User/edit')
#10 D:\phpStudy\WWW\yii1\framework\base\CApplication.php(185): CWebApplication->processRequest()
#11 D:\phpStudy\WWW\yii1\app\index.php(13): CApplication->run()
#12 {main}
REQUEST_URI=/index.php?r=User/edit&id=17
HTTP_REFERER=http://www.peng.com/index.php?r=User/edit&id=17
---
2017/06/27 14:14:57 [error] [system.db.CDbCommand] CDbCommand::execute() failed: SQLSTATE[23000]: Integrity constraint violation: 1062 Duplicate entry '17' for key 'PRIMARY'. The SQL statement executed was: UPDATE `user` SET `username`=:yp0, `password`=:yp1, `id`=:yp2.
in D:\phpStudy\WWW\yii1\app\protected\controllers\UserController.php (63)
in D:\phpStudy\WWW\yii1\app\index.php (13)
2017/06/27 14:14:57 [error] [exception.CDbException] exception 'CDbException' with message 'CDbCommand failed to execute the SQL statement: SQLSTATE[23000]: Integrity constraint violation: 1062 Duplicate entry '17' for key 'PRIMARY'. The SQL statement executed was: UPDATE `user` SET `username`=:yp0, `password`=:yp1, `id`=:yp2' in D:\phpStudy\WWW\yii1\framework\db\CDbCommand.php:358
Stack trace:
#0 D:\phpStudy\WWW\yii1\framework\db\ar\CActiveRecord.php(1774): CDbCommand->execute()
#1 D:\phpStudy\WWW\yii1\app\protected\controllers\UserController.php(63): CActiveRecord->updateAll(Array)
#2 [internal function]: UserController->actionEdit('17')
#3 D:\phpStudy\WWW\yii1\framework\web\actions\CAction.php(109): ReflectionMethod->invokeArgs(Object(UserController), Array)
#4 D:\phpStudy\WWW\yii1\framework\web\actions\CInlineAction.php(47): CAction->runWithParamsInternal(Object(UserController), Object(ReflectionMethod), Array)
#5 D:\phpStudy\WWW\yii1\framework\web\CController.php(308): CInlineAction->runWithParams(Array)
#6 D:\phpStudy\WWW\yii1\framework\web\CController.php(286): CController->runAction(Object(CInlineAction))
#7 D:\phpStudy\WWW\yii1\framework\web\CController.php(265): CController->runActionWithFilters(Object(CInlineAction), Array)
#8 D:\phpStudy\WWW\yii1\framework\web\CWebApplication.php(282): CController->run('edit')
#9 D:\phpStudy\WWW\yii1\framework\web\CWebApplication.php(141): CWebApplication->runController('User/edit')
#10 D:\phpStudy\WWW\yii1\framework\base\CApplication.php(185): CWebApplication->processRequest()
#11 D:\phpStudy\WWW\yii1\app\index.php(13): CApplication->run()
#12 {main}
REQUEST_URI=/index.php?r=User/edit&id=17
HTTP_REFERER=http://www.peng.com/index.php?r=User/edit&id=17
---
2017/06/27 14:15:04 [error] [system.db.CDbCommand] CDbCommand::execute() failed: SQLSTATE[23000]: Integrity constraint violation: 1062 Duplicate entry '17' for key 'PRIMARY'. The SQL statement executed was: UPDATE `user` SET `username`=:yp0, `password`=:yp1, `id`=:yp2.
in D:\phpStudy\WWW\yii1\app\protected\controllers\UserController.php (63)
in D:\phpStudy\WWW\yii1\app\index.php (13)
2017/06/27 14:15:04 [error] [exception.CDbException] exception 'CDbException' with message 'CDbCommand failed to execute the SQL statement: SQLSTATE[23000]: Integrity constraint violation: 1062 Duplicate entry '17' for key 'PRIMARY'. The SQL statement executed was: UPDATE `user` SET `username`=:yp0, `password`=:yp1, `id`=:yp2' in D:\phpStudy\WWW\yii1\framework\db\CDbCommand.php:358
Stack trace:
#0 D:\phpStudy\WWW\yii1\framework\db\ar\CActiveRecord.php(1774): CDbCommand->execute()
#1 D:\phpStudy\WWW\yii1\app\protected\controllers\UserController.php(63): CActiveRecord->updateAll(Array)
#2 [internal function]: UserController->actionEdit('17')
#3 D:\phpStudy\WWW\yii1\framework\web\actions\CAction.php(109): ReflectionMethod->invokeArgs(Object(UserController), Array)
#4 D:\phpStudy\WWW\yii1\framework\web\actions\CInlineAction.php(47): CAction->runWithParamsInternal(Object(UserController), Object(ReflectionMethod), Array)
#5 D:\phpStudy\WWW\yii1\framework\web\CController.php(308): CInlineAction->runWithParams(Array)
#6 D:\phpStudy\WWW\yii1\framework\web\CController.php(286): CController->runAction(Object(CInlineAction))
#7 D:\phpStudy\WWW\yii1\framework\web\CController.php(265): CController->runActionWithFilters(Object(CInlineAction), Array)
#8 D:\phpStudy\WWW\yii1\framework\web\CWebApplication.php(282): CController->run('edit')
#9 D:\phpStudy\WWW\yii1\framework\web\CWebApplication.php(141): CWebApplication->runController('User/edit')
#10 D:\phpStudy\WWW\yii1\framework\base\CApplication.php(185): CWebApplication->processRequest()
#11 D:\phpStudy\WWW\yii1\app\index.php(13): CApplication->run()
#12 {main}
REQUEST_URI=/index.php?r=User/edit&id=17
HTTP_REFERER=http://www.peng.com/index.php?r=User/edit&id=17
---
2017/06/28 10:10:18 [error] [exception.CException] exception 'CException' with message 'Property "User.passwords" is not defined.' in D:\phpStudy\WWW\yii1\framework\base\CComponent.php:130
Stack trace:
#0 D:\phpStudy\WWW\yii1\framework\db\ar\CActiveRecord.php(145): CComponent->__get('passwords')
#1 D:\phpStudy\WWW\yii1\framework\web\helpers\CHtml.php(2747): CActiveRecord->__get('passwords')
#2 D:\phpStudy\WWW\yii1\framework\web\helpers\CHtml.php(2470): CHtml::resolveValue(Object(User), 'passwords')
#3 D:\phpStudy\WWW\yii1\framework\web\helpers\CHtml.php(1814): CHtml::activeInputField('password', Object(User), 'passwords', Array)
#4 D:\phpStudy\WWW\yii1\app\protected\views\user\edit.php(16): CHtml::activePasswordField(Object(User), 'passwords')
#5 D:\phpStudy\WWW\yii1\framework\web\CBaseController.php(126): require('D:\\phpStudy\\WWW...')
#6 D:\phpStudy\WWW\yii1\framework\web\CBaseController.php(95): CBaseController->renderInternal('D:\\phpStudy\\WWW...', Array, true)
#7 D:\phpStudy\WWW\yii1\framework\web\CController.php(872): CBaseController->renderFile('D:\\phpStudy\\WWW...', Array, true)
#8 D:\phpStudy\WWW\yii1\framework\web\CController.php(785): CController->renderPartial('edit', Array, true)
#9 D:\phpStudy\WWW\yii1\app\protected\controllers\UserController.php(69): CController->render('edit', Array)
#10 [internal function]: UserController->actionEdit('17')
#11 D:\phpStudy\WWW\yii1\framework\web\actions\CAction.php(109): ReflectionMethod->invokeArgs(Object(UserController), Array)
#12 D:\phpStudy\WWW\yii1\framework\web\actions\CInlineAction.php(47): CAction->runWithParamsInternal(Object(UserController), Object(ReflectionMethod), Array)
#13 D:\phpStudy\WWW\yii1\framework\web\CController.php(308): CInlineAction->runWithParams(Array)
#14 D:\phpStudy\WWW\yii1\framework\web\CController.php(286): CController->runAction(Object(CInlineAction))
#15 D:\phpStudy\WWW\yii1\framework\web\CController.php(265): CController->runActionWithFilters(Object(CInlineAction), Array)
#16 D:\phpStudy\WWW\yii1\framework\web\CWebApplication.php(282): CController->run('edit')
#17 D:\phpStudy\WWW\yii1\framework\web\CWebApplication.php(141): CWebApplication->runController('User/edit')
#18 D:\phpStudy\WWW\yii1\framework\base\CApplication.php(185): CWebApplication->processRequest()
#19 D:\phpStudy\WWW\yii1\app\index.php(13): CApplication->run()
#20 {main}
REQUEST_URI=/index.php?r=User/edit&id=17
HTTP_REFERER=http://www.peng.com/index.php?r=user/index
---
2017/06/28 14:37:32 [error] [php] include(UserController.php): failed to open stream: No such file or directory (D:\phpStudy\WWW\yii1\framework\YiiBase.php:432)
Stack trace:
#0 D:\phpStudy\WWW\yii1\app\protected\controllers\SiteController.php(4): spl_autoload_call()
#1 D:\phpStudy\WWW\yii1\framework\web\CWebApplication.php(354): require()
#2 D:\phpStudy\WWW\yii1\framework\web\CWebApplication.php(276): CWebApplication->createController()
#3 D:\phpStudy\WWW\yii1\framework\web\CWebApplication.php(141): CWebApplication->runController()
#4 D:\phpStudy\WWW\yii1\framework\base\CApplication.php(185): CWebApplication->processRequest()
#5 D:\phpStudy\WWW\yii1\app\index.php(13): CWebApplication->run()
REQUEST_URI=/index.php?r=site/dd
in D:\phpStudy\WWW\yii1\app\protected\controllers\SiteController.php (4)
in D:\phpStudy\WWW\yii1\app\index.php (13)
2017/06/28 14:37:58 [error] [php] include(UserController.php): failed to open stream: No such file or directory (D:\phpStudy\WWW\yii1\framework\YiiBase.php:432)
Stack trace:
#0 D:\phpStudy\WWW\yii1\app\protected\controllers\SiteController.php(4): spl_autoload_call()
#1 D:\phpStudy\WWW\yii1\framework\web\CWebApplication.php(354): require()
#2 D:\phpStudy\WWW\yii1\framework\web\CWebApplication.php(276): CWebApplication->createController()
#3 D:\phpStudy\WWW\yii1\framework\web\CWebApplication.php(141): CWebApplication->runController()
#4 D:\phpStudy\WWW\yii1\framework\base\CApplication.php(185): CWebApplication->processRequest()
#5 D:\phpStudy\WWW\yii1\app\index.php(13): CWebApplication->run()
REQUEST_URI=/index.php?r=site/dd
in D:\phpStudy\WWW\yii1\app\protected\controllers\SiteController.php (4)
in D:\phpStudy\WWW\yii1\app\index.php (13)
2017/06/28 14:38:38 [error] [php] include(UserController.php): failed to open stream: No such file or directory (D:\phpStudy\WWW\yii1\framework\YiiBase.php:432)
Stack trace:
#0 D:\phpStudy\WWW\yii1\app\protected\controllers\SiteController.php(4): spl_autoload_call()
#1 D:\phpStudy\WWW\yii1\framework\web\CWebApplication.php(354): require()
#2 D:\phpStudy\WWW\yii1\framework\web\CWebApplication.php(276): CWebApplication->createController()
#3 D:\phpStudy\WWW\yii1\framework\web\CWebApplication.php(141): CWebApplication->runController()
#4 D:\phpStudy\WWW\yii1\framework\base\CApplication.php(185): CWebApplication->processRequest()
#5 D:\phpStudy\WWW\yii1\app\index.php(13): CWebApplication->run()
REQUEST_URI=/index.php?r=site/dd
in D:\phpStudy\WWW\yii1\app\protected\controllers\SiteController.php (4)
in D:\phpStudy\WWW\yii1\app\index.php (13)
2017/06/28 14:40:00 [error] [php] include(UserController.php): failed to open stream: No such file or directory (D:\phpStudy\WWW\yii1\framework\YiiBase.php:432)
Stack trace:
#0 D:\phpStudy\WWW\yii1\app\protected\controllers\SiteController.php(4): spl_autoload_call()
#1 D:\phpStudy\WWW\yii1\framework\web\CWebApplication.php(354): require()
#2 D:\phpStudy\WWW\yii1\framework\web\CWebApplication.php(276): CWebApplication->createController()
#3 D:\phpStudy\WWW\yii1\framework\web\CWebApplication.php(141): CWebApplication->runController()
#4 D:\phpStudy\WWW\yii1\framework\base\CApplication.php(185): CWebApplication->processRequest()
#5 D:\phpStudy\WWW\yii1\app\index.php(13): CWebApplication->run()
REQUEST_URI=/index.php?r=site/dd
in D:\phpStudy\WWW\yii1\app\protected\controllers\SiteController.php (4)
in D:\phpStudy\WWW\yii1\app\index.php (13)
2017/06/28 15:14:03 [error] [php] Missing argument 1 for CModel::getError(), called in D:\phpStudy\WWW\yii1\framework\base\CComponent.php on line 111 and defined (D:\phpStudy\WWW\yii1\framework\base\CModel.php:371)
Stack trace:
#0 D:\phpStudy\WWW\yii1\app\protected\views\user\login.php(9): LoginForm->__call()
#1 D:\phpStudy\WWW\yii1\app\protected\views\user\login.php(9): LoginForm->error()
#2 D:\phpStudy\WWW\yii1\framework\web\CBaseController.php(126): require()
#3 D:\phpStudy\WWW\yii1\framework\web\CBaseController.php(95): UserController->renderInternal()
#4 D:\phpStudy\WWW\yii1\framework\web\CController.php(872): UserController->renderFile()
#5 D:\phpStudy\WWW\yii1\framework\web\CController.php(785): UserController->renderPartial()
#6 D:\phpStudy\WWW\yii1\app\protected\controllers\UserController.php(23): UserController->render()
#7 D:\phpStudy\WWW\yii1\framework\web\actions\CInlineAction.php(49): UserController->actionLogin()
#8 D:\phpStudy\WWW\yii1\framework\web\CController.php(308): CInlineAction->runWithParams()
#9 D:\phpStudy\WWW\yii1\framework\web\CController.php(286): UserController->runAction()
#10 D:\phpStudy\WWW\yii1\framework\web\CController.php(265): UserController->runActionWithFilters()
#11 D:\phpStudy\WWW\yii1\framework\web\CWebApplication.php(282): UserController->run()
#12 D:\phpStudy\WWW\yii1\framework\web\CWebApplication.php(141): CWebApplication->runController()
#13 D:\phpStudy\WWW\yii1\framework\base\CApplication.php(185): CWebApplication->processRequest()
#14 D:\phpStudy\WWW\yii1\app\index.php(13): CWebApplication->run()
REQUEST_URI=/index.php?r=user/login
in D:\phpStudy\WWW\yii1\app\protected\views\user\login.php (9)
in D:\phpStudy\WWW\yii1\app\protected\views\user\login.php (9)
in D:\phpStudy\WWW\yii1\app\protected\controllers\UserController.php (23)
2017/06/28 15:22:06 [error] [php] Undefined variable: form (D:\phpStudy\WWW\yii1\app\protected\views\user\login.php:9)
Stack trace:
#0 D:\phpStudy\WWW\yii1\framework\web\CController.php(872): UserController->renderFile()
#1 D:\phpStudy\WWW\yii1\framework\web\CController.php(785): UserController->renderPartial()
#2 D:\phpStudy\WWW\yii1\app\protected\controllers\UserController.php(23): UserController->render()
#3 D:\phpStudy\WWW\yii1\framework\web\actions\CInlineAction.php(49): UserController->actionLogin()
#4 D:\phpStudy\WWW\yii1\framework\web\CController.php(308): CInlineAction->runWithParams()
#5 D:\phpStudy\WWW\yii1\framework\web\CController.php(286): UserController->runAction()
#6 D:\phpStudy\WWW\yii1\framework\web\CController.php(265): UserController->runActionWithFilters()
#7 D:\phpStudy\WWW\yii1\framework\web\CWebApplication.php(282): UserController->run()
#8 D:\phpStudy\WWW\yii1\framework\web\CWebApplication.php(141): CWebApplication->runController()
#9 D:\phpStudy\WWW\yii1\framework\base\CApplication.php(185): CWebApplication->processRequest()
#10 D:\phpStudy\WWW\yii1\app\index.php(13): CWebApplication->run()
REQUEST_URI=/index.php?r=user/login
in D:\phpStudy\WWW\yii1\app\protected\views\user\login.php (9)
in D:\phpStudy\WWW\yii1\app\protected\controllers\UserController.php (23)
in D:\phpStudy\WWW\yii1\app\index.php (13)
2017/06/28 15:22:24 [error] [php] Missing argument 1 for CModel::getError(), called in D:\phpStudy\WWW\yii1\framework\base\CComponent.php on line 111 and defined (D:\phpStudy\WWW\yii1\framework\base\CModel.php:371)
Stack trace:
#0 D:\phpStudy\WWW\yii1\app\protected\views\user\login.php(9): LoginForm->__call()
#1 D:\phpStudy\WWW\yii1\app\protected\views\user\login.php(9): LoginForm->error()
#2 D:\phpStudy\WWW\yii1\framework\web\CBaseController.php(126): require()
#3 D:\phpStudy\WWW\yii1\framework\web\CBaseController.php(95): UserController->renderInternal()
#4 D:\phpStudy\WWW\yii1\framework\web\CController.php(872): UserController->renderFile()
#5 D:\phpStudy\WWW\yii1\framework\web\CController.php(785): UserController->renderPartial()
#6 D:\phpStudy\WWW\yii1\app\protected\controllers\UserController.php(23): UserController->render()
#7 D:\phpStudy\WWW\yii1\framework\web\actions\CInlineAction.php(49): UserController->actionLogin()
#8 D:\phpStudy\WWW\yii1\framework\web\CController.php(308): CInlineAction->runWithParams()
#9 D:\phpStudy\WWW\yii1\framework\web\CController.php(286): UserController->runAction()
#10 D:\phpStudy\WWW\yii1\framework\web\CController.php(265): UserController->runActionWithFilters()
#11 D:\phpStudy\WWW\yii1\framework\web\CWebApplication.php(282): UserController->run()
#12 D:\phpStudy\WWW\yii1\framework\web\CWebApplication.php(141): CWebApplication->runController()
#13 D:\phpStudy\WWW\yii1\framework\base\CApplication.php(185): CWebApplication->processRequest()
#14 D:\phpStudy\WWW\yii1\app\index.php(13): CWebApplication->run()
REQUEST_URI=/index.php?r=user/login
in D:\phpStudy\WWW\yii1\app\protected\views\user\login.php (9)
in D:\phpStudy\WWW\yii1\app\protected\views\user\login.php (9)
in D:\phpStudy\WWW\yii1\app\protected\controllers\UserController.php (23)
2017/06/28 15:39:32 [error] [system.db.CDbCommand] CDbCommand::fetch() failed: SQLSTATE[42000]: Syntax error or access violation: 1064 You have an error in your SQL syntax; check the manual that corresponds to your MySQL server version for the right syntax to use near ':name LIMIT 1' at line 1. The SQL statement executed was: SELECT * FROM `user` `t` WHERE username:name LIMIT 1.
in D:\phpStudy\WWW\yii1\app\protected\components\UserIdentity.php (25)
in D:\phpStudy\WWW\yii1\app\protected\models\LoginForm.php (54)
in D:\phpStudy\WWW\yii1\app\protected\controllers\UserController.php (18)
2017/06/28 15:39:32 [error] [exception.CDbException] exception 'CDbException' with message 'CDbCommand failed to execute the SQL statement: SQLSTATE[42000]: Syntax error or access violation: 1064 You have an error in your SQL syntax; check the manual that corresponds to your MySQL server version for the right syntax to use near ':name LIMIT 1' at line 1. The SQL statement executed was: SELECT * FROM `user` `t` WHERE username:name LIMIT 1' in D:\phpStudy\WWW\yii1\framework\db\CDbCommand.php:543
Stack trace:
#0 D:\phpStudy\WWW\yii1\framework\db\CDbCommand.php(415): CDbCommand->queryInternal('fetch', Array, Array)
#1 D:\phpStudy\WWW\yii1\framework\db\ar\CActiveRecord.php(1359): CDbCommand->queryRow()
#2 D:\phpStudy\WWW\yii1\framework\db\ar\CActiveRecord.php(1464): CActiveRecord->query(Object(CDbCriteria))
#3 D:\phpStudy\WWW\yii1\app\protected\components\UserIdentity.php(25): CActiveRecord->find('username:name', Array)
#4 D:\phpStudy\WWW\yii1\app\protected\models\LoginForm.php(54): UserIdentity->authenticate()
#5 D:\phpStudy\WWW\yii1\framework\validators\CInlineValidator.php(42): LoginForm->authenticate('password', Array)
#6 D:\phpStudy\WWW\yii1\framework\validators\CValidator.php(201): CInlineValidator->validateAttribute(Object(LoginForm), 'password')
#7 D:\phpStudy\WWW\yii1\framework\base\CModel.php(159): CValidator->validate(Object(LoginForm), NULL)
#8 D:\phpStudy\WWW\yii1\app\protected\controllers\UserController.php(18): CModel->validate()
#9 D:\phpStudy\WWW\yii1\framework\web\actions\CInlineAction.php(49): UserController->actionLogin()
#10 D:\phpStudy\WWW\yii1\framework\web\CController.php(308): CInlineAction->runWithParams(Array)
#11 D:\phpStudy\WWW\yii1\framework\web\CController.php(286): CController->runAction(Object(CInlineAction))
#12 D:\phpStudy\WWW\yii1\framework\web\CController.php(265): CController->runActionWithFilters(Object(CInlineAction), Array)
#13 D:\phpStudy\WWW\yii1\framework\web\CWebApplication.php(282): CController->run('login')
#14 D:\phpStudy\WWW\yii1\framework\web\CWebApplication.php(141): CWebApplication->runController('user/login')
#15 D:\phpStudy\WWW\yii1\framework\base\CApplication.php(185): CWebApplication->processRequest()
#16 D:\phpStudy\WWW\yii1\app\index.php(13): CApplication->run()
#17 {main}
REQUEST_URI=/index.php?r=user/login
HTTP_REFERER=http://www.peng.com/index.php?r=user/login
---
2017/06/28 15:40:51 [error] [exception.CException] exception 'CException' with message 'Property "CDbCriteria.username" is not defined.' in D:\phpStudy\WWW\yii1\framework\base\CComponent.php:173
Stack trace:
#0 D:\phpStudy\WWW\yii1\framework\db\schema\CDbCriteria.php(160): CComponent->__set('username', 'xxx')
#1 D:\phpStudy\WWW\yii1\framework\db\schema\CDbCommandBuilder.php(588): CDbCriteria->__construct(Array)
#2 D:\phpStudy\WWW\yii1\framework\db\ar\CActiveRecord.php(1463): CDbCommandBuilder->createCriteria(Array, Array)
#3 D:\phpStudy\WWW\yii1\app\protected\components\UserIdentity.php(25): CActiveRecord->find(Array)
#4 D:\phpStudy\WWW\yii1\app\protected\models\LoginForm.php(54): UserIdentity->authenticate()
#5 D:\phpStudy\WWW\yii1\framework\validators\CInlineValidator.php(42): LoginForm->authenticate('password', Array)
#6 D:\phpStudy\WWW\yii1\framework\validators\CValidator.php(201): CInlineValidator->validateAttribute(Object(LoginForm), 'password')
#7 D:\phpStudy\WWW\yii1\framework\base\CModel.php(159): CValidator->validate(Object(LoginForm), NULL)
#8 D:\phpStudy\WWW\yii1\app\protected\controllers\UserController.php(18): CModel->validate()
#9 D:\phpStudy\WWW\yii1\framework\web\actions\CInlineAction.php(49): UserController->actionLogin()
#10 D:\phpStudy\WWW\yii1\framework\web\CController.php(308): CInlineAction->runWithParams(Array)
#11 D:\phpStudy\WWW\yii1\framework\web\CController.php(286): CController->runAction(Object(CInlineAction))
#12 D:\phpStudy\WWW\yii1\framework\web\CController.php(265): CController->runActionWithFilters(Object(CInlineAction), Array)
#13 D:\phpStudy\WWW\yii1\framework\web\CWebApplication.php(282): CController->run('login')
#14 D:\phpStudy\WWW\yii1\framework\web\CWebApplication.php(141): CWebApplication->runController('user/login')
#15 D:\phpStudy\WWW\yii1\framework\base\CApplication.php(185): CWebApplication->processRequest()
#16 D:\phpStudy\WWW\yii1\app\index.php(13): CApplication->run()
#17 {main}
REQUEST_URI=/index.php?r=user/login
HTTP_REFERER=http://www.peng.com/index.php?r=user/login
---
2017/06/28 15:42:05 [error] [exception.CException] exception 'CException' with message 'Property "CDbCriteria.username" is not defined.' in D:\phpStudy\WWW\yii1\framework\base\CComponent.php:173
Stack trace:
#0 D:\phpStudy\WWW\yii1\framework\db\schema\CDbCriteria.php(160): CComponent->__set('username', 'user')
#1 D:\phpStudy\WWW\yii1\framework\db\schema\CDbCommandBuilder.php(588): CDbCriteria->__construct(Array)
#2 D:\phpStudy\WWW\yii1\framework\db\ar\CActiveRecord.php(1463): CDbCommandBuilder->createCriteria(Array, Array)
#3 D:\phpStudy\WWW\yii1\app\protected\components\UserIdentity.php(25): CActiveRecord->find(Array)
#4 D:\phpStudy\WWW\yii1\app\protected\models\LoginForm.php(54): UserIdentity->authenticate()
#5 D:\phpStudy\WWW\yii1\framework\validators\CInlineValidator.php(42): LoginForm->authenticate('password', Array)
#6 D:\phpStudy\WWW\yii1\framework\validators\CValidator.php(201): CInlineValidator->validateAttribute(Object(LoginForm), 'password')
#7 D:\phpStudy\WWW\yii1\framework\base\CModel.php(159): CValidator->validate(Object(LoginForm), NULL)
#8 D:\phpStudy\WWW\yii1\app\protected\controllers\UserController.php(18): CModel->validate()
#9 D:\phpStudy\WWW\yii1\framework\web\actions\CInlineAction.php(49): UserController->actionLogin()
#10 D:\phpStudy\WWW\yii1\framework\web\CController.php(308): CInlineAction->runWithParams(Array)
#11 D:\phpStudy\WWW\yii1\framework\web\CController.php(286): CController->runAction(Object(CInlineAction))
#12 D:\phpStudy\WWW\yii1\framework\web\CController.php(265): CController->runActionWithFilters(Object(CInlineAction), Array)
#13 D:\phpStudy\WWW\yii1\framework\web\CWebApplication.php(282): CController->run('login')
#14 D:\phpStudy\WWW\yii1\framework\web\CWebApplication.php(141): CWebApplication->runController('user/login')
#15 D:\phpStudy\WWW\yii1\framework\base\CApplication.php(185): CWebApplication->processRequest()
#16 D:\phpStudy\WWW\yii1\app\index.php(13): CApplication->run()
#17 {main}
REQUEST_URI=/index.php?r=user/login
HTTP_REFERER=http://www.peng.com/index.php?r=user/login
---
2017/06/28 16:41:16 [error] [exception.CException] exception 'CException' with message 'Property "CDbCriteria.username" is not defined.' in D:\phpStudy\WWW\yii1\framework\base\CComponent.php:173
Stack trace:
#0 D:\phpStudy\WWW\yii1\framework\db\schema\CDbCriteria.php(160): CComponent->__set('username', 'user')
#1 D:\phpStudy\WWW\yii1\framework\db\schema\CDbCommandBuilder.php(588): CDbCriteria->__construct(Array)
#2 D:\phpStudy\WWW\yii1\framework\db\ar\CActiveRecord.php(1463): CDbCommandBuilder->createCriteria(Array, Array)
#3 D:\phpStudy\WWW\yii1\app\protected\components\UserIdentity.php(26): CActiveRecord->find(Array)
#4 D:\phpStudy\WWW\yii1\app\protected\models\LoginForm.php(54): UserIdentity->authenticate()
#5 D:\phpStudy\WWW\yii1\framework\validators\CInlineValidator.php(42): LoginForm->authenticate('password', Array)
#6 D:\phpStudy\WWW\yii1\framework\validators\CValidator.php(201): CInlineValidator->validateAttribute(Object(LoginForm), 'password')
#7 D:\phpStudy\WWW\yii1\framework\base\CModel.php(159): CValidator->validate(Object(LoginForm), NULL)
#8 D:\phpStudy\WWW\yii1\app\protected\controllers\UserController.php(18): CModel->validate()
#9 D:\phpStudy\WWW\yii1\framework\web\actions\CInlineAction.php(49): UserController->actionLogin()
#10 D:\phpStudy\WWW\yii1\framework\web\CController.php(308): CInlineAction->runWithParams(Array)
#11 D:\phpStudy\WWW\yii1\framework\web\CController.php(286): CController->runAction(Object(CInlineAction))
#12 D:\phpStudy\WWW\yii1\framework\web\CController.php(265): CController->runActionWithFilters(Object(CInlineAction), Array)
#13 D:\phpStudy\WWW\yii1\framework\web\CWebApplication.php(282): CController->run('login')
#14 D:\phpStudy\WWW\yii1\framework\web\CWebApplication.php(141): CWebApplication->runController('user/login')
#15 D:\phpStudy\WWW\yii1\framework\base\CApplication.php(185): CWebApplication->processRequest()
#16 D:\phpStudy\WWW\yii1\app\index.php(13): CApplication->run()
#17 {main}
REQUEST_URI=/index.php?r=user/login
HTTP_REFERER=http://www.peng.com/index.php?r=user/login
---
2017/06/28 16:44:25 [error] [exception.CException] exception 'CException' with message 'Property "CDbCriteria.username" is not defined.' in D:\phpStudy\WWW\yii1\framework\base\CComponent.php:173
Stack trace:
#0 D:\phpStudy\WWW\yii1\framework\db\schema\CDbCriteria.php(160): CComponent->__set('username', 'user')
#1 D:\phpStudy\WWW\yii1\framework\db\schema\CDbCommandBuilder.php(588): CDbCriteria->__construct(Array)
#2 D:\phpStudy\WWW\yii1\framework\db\ar\CActiveRecord.php(1463): CDbCommandBuilder->createCriteria(Array, Array)
#3 D:\phpStudy\WWW\yii1\app\protected\components\UserIdentity.php(28): CActiveRecord->find(Array)
#4 D:\phpStudy\WWW\yii1\app\protected\models\LoginForm.php(54): UserIdentity->authenticate()
#5 D:\phpStudy\WWW\yii1\framework\validators\CInlineValidator.php(42): LoginForm->authenticate('password', Array)
#6 D:\phpStudy\WWW\yii1\framework\validators\CValidator.php(201): CInlineValidator->validateAttribute(Object(LoginForm), 'password')
#7 D:\phpStudy\WWW\yii1\framework\base\CModel.php(159): CValidator->validate(Object(LoginForm), NULL)
#8 D:\phpStudy\WWW\yii1\app\protected\controllers\UserController.php(18): CModel->validate()
#9 D:\phpStudy\WWW\yii1\framework\web\actions\CInlineAction.php(49): UserController->actionLogin()
#10 D:\phpStudy\WWW\yii1\framework\web\CController.php(308): CInlineAction->runWithParams(Array)
#11 D:\phpStudy\WWW\yii1\framework\web\CController.php(286): CController->runAction(Object(CInlineAction))
#12 D:\phpStudy\WWW\yii1\framework\web\CController.php(265): CController->runActionWithFilters(Object(CInlineAction), Array)
#13 D:\phpStudy\WWW\yii1\framework\web\CWebApplication.php(282): CController->run('login')
#14 D:\phpStudy\WWW\yii1\framework\web\CWebApplication.php(141): CWebApplication->runController('user/login')
#15 D:\phpStudy\WWW\yii1\framework\base\CApplication.php(185): CWebApplication->processRequest()
#16 D:\phpStudy\WWW\yii1\app\index.php(13): CApplication->run()
#17 {main}
REQUEST_URI=/index.php?r=user/login
HTTP_REFERER=http://www.peng.com/index.php?r=user/login
---
2017/06/28 17:01:23 [error] [exception.CException] exception 'CException' with message 'Property "User.120" is not defined.' in D:\phpStudy\WWW\yii1\framework\base\CComponent.php:130
Stack trace:
#0 D:\phpStudy\WWW\yii1\framework\db\ar\CActiveRecord.php(145): CComponent->__get('120')
#1 D:\phpStudy\WWW\yii1\framework\base\CModel.php(596): CActiveRecord->__get('120')
#2 D:\phpStudy\WWW\yii1\app\protected\components\UserIdentity.php(31): CModel->offsetGet('120')
#3 D:\phpStudy\WWW\yii1\app\protected\models\LoginForm.php(54): UserIdentity->authenticate()
#4 D:\phpStudy\WWW\yii1\framework\validators\CInlineValidator.php(42): LoginForm->authenticate('password', Array)
#5 D:\phpStudy\WWW\yii1\framework\validators\CValidator.php(201): CInlineValidator->validateAttribute(Object(LoginForm), 'password')
#6 D:\phpStudy\WWW\yii1\framework\base\CModel.php(159): CValidator->validate(Object(LoginForm), NULL)
#7 D:\phpStudy\WWW\yii1\app\protected\controllers\UserController.php(18): CModel->validate()
#8 D:\phpStudy\WWW\yii1\framework\web\actions\CInlineAction.php(49): UserController->actionLogin()
#9 D:\phpStudy\WWW\yii1\framework\web\CController.php(308): CInlineAction->runWithParams(Array)
#10 D:\phpStudy\WWW\yii1\framework\web\CController.php(286): CController->runAction(Object(CInlineAction))
#11 D:\phpStudy\WWW\yii1\framework\web\CController.php(265): CController->runActionWithFilters(Object(CInlineAction), Array)
#12 D:\phpStudy\WWW\yii1\framework\web\CWebApplication.php(282): CController->run('login')
#13 D:\phpStudy\WWW\yii1\framework\web\CWebApplication.php(141): CWebApplication->runController('user/login')
#14 D:\phpStudy\WWW\yii1\framework\base\CApplication.php(185): CWebApplication->processRequest()
#15 D:\phpStudy\WWW\yii1\app\index.php(13): CApplication->run()
#16 {main}
REQUEST_URI=/index.php?r=user/login
HTTP_REFERER=http://www.peng.com/index.php?r=user/login
---
2017/06/28 17:02:02 [error] [exception.CException] exception 'CException' with message 'Property "User.120" is not defined.' in D:\phpStudy\WWW\yii1\framework\base\CComponent.php:130
Stack trace:
#0 D:\phpStudy\WWW\yii1\framework\db\ar\CActiveRecord.php(145): CComponent->__get('120')
#1 D:\phpStudy\WWW\yii1\framework\base\CModel.php(596): CActiveRecord->__get('120')
#2 D:\phpStudy\WWW\yii1\app\protected\components\UserIdentity.php(31): CModel->offsetGet('120')
#3 D:\phpStudy\WWW\yii1\app\protected\models\LoginForm.php(54): UserIdentity->authenticate()
#4 D:\phpStudy\WWW\yii1\framework\validators\CInlineValidator.php(42): LoginForm->authenticate('password', Array)
#5 D:\phpStudy\WWW\yii1\framework\validators\CValidator.php(201): CInlineValidator->validateAttribute(Object(LoginForm), 'password')
#6 D:\phpStudy\WWW\yii1\framework\base\CModel.php(159): CValidator->validate(Object(LoginForm), NULL)
#7 D:\phpStudy\WWW\yii1\app\protected\controllers\UserController.php(18): CModel->validate()
#8 D:\phpStudy\WWW\yii1\framework\web\actions\CInlineAction.php(49): UserController->actionLogin()
#9 D:\phpStudy\WWW\yii1\framework\web\CController.php(308): CInlineAction->runWithParams(Array)
#10 D:\phpStudy\WWW\yii1\framework\web\CController.php(286): CController->runAction(Object(CInlineAction))
#11 D:\phpStudy\WWW\yii1\framework\web\CController.php(265): CController->runActionWithFilters(Object(CInlineAction), Array)
#12 D:\phpStudy\WWW\yii1\framework\web\CWebApplication.php(282): CController->run('login')
#13 D:\phpStudy\WWW\yii1\framework\web\CWebApplication.php(141): CWebApplication->runController('user/login')
#14 D:\phpStudy\WWW\yii1\framework\base\CApplication.php(185): CWebApplication->processRequest()
#15 D:\phpStudy\WWW\yii1\app\index.php(13): CApplication->run()
#16 {main}
REQUEST_URI=/index.php?r=user/login
HTTP_REFERER=http://www.peng.com/index.php?r=user/login
---
2017/06/28 17:02:07 [error] [exception.CException] exception 'CException' with message 'Property "User.120" is not defined.' in D:\phpStudy\WWW\yii1\framework\base\CComponent.php:130
Stack trace:
#0 D:\phpStudy\WWW\yii1\framework\db\ar\CActiveRecord.php(145): CComponent->__get('120')
#1 D:\phpStudy\WWW\yii1\framework\base\CModel.php(596): CActiveRecord->__get('120')
#2 D:\phpStudy\WWW\yii1\app\protected\components\UserIdentity.php(31): CModel->offsetGet('120')
#3 D:\phpStudy\WWW\yii1\app\protected\models\LoginForm.php(54): UserIdentity->authenticate()
#4 D:\phpStudy\WWW\yii1\framework\validators\CInlineValidator.php(42): LoginForm->authenticate('password', Array)
#5 D:\phpStudy\WWW\yii1\framework\validators\CValidator.php(201): CInlineValidator->validateAttribute(Object(LoginForm), 'password')
#6 D:\phpStudy\WWW\yii1\framework\base\CModel.php(159): CValidator->validate(Object(LoginForm), NULL)
#7 D:\phpStudy\WWW\yii1\app\protected\controllers\UserController.php(18): CModel->validate()
#8 D:\phpStudy\WWW\yii1\framework\web\actions\CInlineAction.php(49): UserController->actionLogin()
#9 D:\phpStudy\WWW\yii1\framework\web\CController.php(308): CInlineAction->runWithParams(Array)
#10 D:\phpStudy\WWW\yii1\framework\web\CController.php(286): CController->runAction(Object(CInlineAction))
#11 D:\phpStudy\WWW\yii1\framework\web\CController.php(265): CController->runActionWithFilters(Object(CInlineAction), Array)
#12 D:\phpStudy\WWW\yii1\framework\web\CWebApplication.php(282): CController->run('login')
#13 D:\phpStudy\WWW\yii1\framework\web\CWebApplication.php(141): CWebApplication->runController('user/login')
#14 D:\phpStudy\WWW\yii1\framework\base\CApplication.php(185): CWebApplication->processRequest()
#15 D:\phpStudy\WWW\yii1\app\index.php(13): CApplication->run()
#16 {main}
REQUEST_URI=/index.php?r=user/login
HTTP_REFERER=http://www.peng.com/index.php?r=user/login
---
2017/06/28 17:02:18 [error] [exception.CException] exception 'CException' with message 'Property "User.120" is not defined.' in D:\phpStudy\WWW\yii1\framework\base\CComponent.php:130
Stack trace:
#0 D:\phpStudy\WWW\yii1\framework\db\ar\CActiveRecord.php(145): CComponent->__get('120')
#1 D:\phpStudy\WWW\yii1\framework\base\CModel.php(596): CActiveRecord->__get('120')
#2 D:\phpStudy\WWW\yii1\app\protected\components\UserIdentity.php(31): CModel->offsetGet('120')
#3 D:\phpStudy\WWW\yii1\app\protected\models\LoginForm.php(54): UserIdentity->authenticate()
#4 D:\phpStudy\WWW\yii1\framework\validators\CInlineValidator.php(42): LoginForm->authenticate('password', Array)
#5 D:\phpStudy\WWW\yii1\framework\validators\CValidator.php(201): CInlineValidator->validateAttribute(Object(LoginForm), 'password')
#6 D:\phpStudy\WWW\yii1\framework\base\CModel.php(159): CValidator->validate(Object(LoginForm), NULL)
#7 D:\phpStudy\WWW\yii1\app\protected\controllers\UserController.php(18): CModel->validate()
#8 D:\phpStudy\WWW\yii1\framework\web\actions\CInlineAction.php(49): UserController->actionLogin()
#9 D:\phpStudy\WWW\yii1\framework\web\CController.php(308): CInlineAction->runWithParams(Array)
#10 D:\phpStudy\WWW\yii1\framework\web\CController.php(286): CController->runAction(Object(CInlineAction))
#11 D:\phpStudy\WWW\yii1\framework\web\CController.php(265): CController->runActionWithFilters(Object(CInlineAction), Array)
#12 D:\phpStudy\WWW\yii1\framework\web\CWebApplication.php(282): CController->run('login')
#13 D:\phpStudy\WWW\yii1\framework\web\CWebApplication.php(141): CWebApplication->runController('user/login')
#14 D:\phpStudy\WWW\yii1\framework\base\CApplication.php(185): CWebApplication->processRequest()
#15 D:\phpStudy\WWW\yii1\app\index.php(13): CApplication->run()
#16 {main}
REQUEST_URI=/index.php?r=user/login
HTTP_REFERER=http://www.peng.com/index.php?r=user/login
---
2017/06/28 17:03:31 [error] [exception.CException] exception 'CException' with message 'Property "User.120" is not defined.' in D:\phpStudy\WWW\yii1\framework\base\CComponent.php:130
Stack trace:
#0 D:\phpStudy\WWW\yii1\framework\db\ar\CActiveRecord.php(145): CComponent->__get('120')
#1 D:\phpStudy\WWW\yii1\framework\base\CModel.php(596): CActiveRecord->__get('120')
#2 D:\phpStudy\WWW\yii1\app\protected\components\UserIdentity.php(31): CModel->offsetGet('120')
#3 D:\phpStudy\WWW\yii1\app\protected\models\LoginForm.php(54): UserIdentity->authenticate()
#4 D:\phpStudy\WWW\yii1\framework\validators\CInlineValidator.php(42): LoginForm->authenticate('password', Array)
#5 D:\phpStudy\WWW\yii1\framework\validators\CValidator.php(201): CInlineValidator->validateAttribute(Object(LoginForm), 'password')
#6 D:\phpStudy\WWW\yii1\framework\base\CModel.php(159): CValidator->validate(Object(LoginForm), NULL)
#7 D:\phpStudy\WWW\yii1\app\protected\controllers\UserController.php(18): CModel->validate()
#8 D:\phpStudy\WWW\yii1\framework\web\actions\CInlineAction.php(49): UserController->actionLogin()
#9 D:\phpStudy\WWW\yii1\framework\web\CController.php(308): CInlineAction->runWithParams(Array)
#10 D:\phpStudy\WWW\yii1\framework\web\CController.php(286): CController->runAction(Object(CInlineAction))
#11 D:\phpStudy\WWW\yii1\framework\web\CController.php(265): CController->runActionWithFilters(Object(CInlineAction), Array)
#12 D:\phpStudy\WWW\yii1\framework\web\CWebApplication.php(282): CController->run('login')
#13 D:\phpStudy\WWW\yii1\framework\web\CWebApplication.php(141): CWebApplication->runController('user/login')
#14 D:\phpStudy\WWW\yii1\framework\base\CApplication.php(185): CWebApplication->processRequest()
#15 D:\phpStudy\WWW\yii1\app\index.php(13): CApplication->run()
#16 {main}
REQUEST_URI=/index.php?r=user/login
HTTP_REFERER=http://www.peng.com/index.php?r=user/login
---
2017/06/28 17:12:07 [error] [exception.CException] exception 'CException' with message 'LoginForm and its behaviors do not have a method or closure named "getId".' in D:\phpStudy\WWW\yii1\framework\base\CComponent.php:266
Stack trace:
#0 D:\phpStudy\WWW\yii1\framework\web\auth\CWebUser.php(231): CComponent->__call('getId', Array)
#1 D:\phpStudy\WWW\yii1\framework\web\auth\CWebUser.php(231): LoginForm->getId()
#2 D:\phpStudy\WWW\yii1\app\protected\controllers\UserController.php(22): CWebUser->login(Object(LoginForm))
#3 D:\phpStudy\WWW\yii1\framework\web\actions\CInlineAction.php(49): UserController->actionLogin()
#4 D:\phpStudy\WWW\yii1\framework\web\CController.php(308): CInlineAction->runWithParams(Array)
#5 D:\phpStudy\WWW\yii1\framework\web\CController.php(286): CController->runAction(Object(CInlineAction))
#6 D:\phpStudy\WWW\yii1\framework\web\CController.php(265): CController->runActionWithFilters(Object(CInlineAction), Array)
#7 D:\phpStudy\WWW\yii1\framework\web\CWebApplication.php(282): CController->run('login')
#8 D:\phpStudy\WWW\yii1\framework\web\CWebApplication.php(141): CWebApplication->runController('user/login')
#9 D:\phpStudy\WWW\yii1\framework\base\CApplication.php(185): CWebApplication->processRequest()
#10 D:\phpStudy\WWW\yii1\app\index.php(13): CApplication->run()
#11 {main}
REQUEST_URI=/index.php?r=user/login
HTTP_REFERER=http://www.peng.com/index.php?r=user/login
---
2017/06/28 17:13:20 [error] [exception.CException] exception 'CException' with message 'LoginForm and its behaviors do not have a method or closure named "getId".' in D:\phpStudy\WWW\yii1\framework\base\CComponent.php:266
Stack trace:
#0 D:\phpStudy\WWW\yii1\framework\web\auth\CWebUser.php(231): CComponent->__call('getId', Array)
#1 D:\phpStudy\WWW\yii1\framework\web\auth\CWebUser.php(231): LoginForm->getId()
#2 D:\phpStudy\WWW\yii1\app\protected\controllers\UserController.php(22): CWebUser->login(Object(LoginForm))
#3 D:\phpStudy\WWW\yii1\framework\web\actions\CInlineAction.php(49): UserController->actionLogin()
#4 D:\phpStudy\WWW\yii1\framework\web\CController.php(308): CInlineAction->runWithParams(Array)
#5 D:\phpStudy\WWW\yii1\framework\web\CController.php(286): CController->runAction(Object(CInlineAction))
#6 D:\phpStudy\WWW\yii1\framework\web\CController.php(265): CController->runActionWithFilters(Object(CInlineAction), Array)
#7 D:\phpStudy\WWW\yii1\framework\web\CWebApplication.php(282): CController->run('login')
#8 D:\phpStudy\WWW\yii1\framework\web\CWebApplication.php(141): CWebApplication->runController('user/login')
#9 D:\phpStudy\WWW\yii1\framework\base\CApplication.php(185): CWebApplication->processRequest()
#10 D:\phpStudy\WWW\yii1\app\index.php(13): CApplication->run()
#11 {main}
REQUEST_URI=/index.php?r=user/login
HTTP_REFERER=http://www.peng.com/index.php?r=user/login
---
2017/06/28 17:14:28 [error] [php] Undefined property: LoginForm::$id (D:\phpStudy\WWW\yii1\app\protected\models\LoginForm.php:83)
Stack trace:
#0 D:\phpStudy\WWW\yii1\framework\web\auth\CWebUser.php(231): LoginForm->getId()
#1 D:\phpStudy\WWW\yii1\app\protected\controllers\UserController.php(22): CWebUser->login()
#2 D:\phpStudy\WWW\yii1\framework\web\actions\CInlineAction.php(49): UserController->actionLogin()
#3 D:\phpStudy\WWW\yii1\framework\web\CController.php(308): CInlineAction->runWithParams()
#4 D:\phpStudy\WWW\yii1\framework\web\CController.php(286): UserController->runAction()
#5 D:\phpStudy\WWW\yii1\framework\web\CController.php(265): UserController->runActionWithFilters()
#6 D:\phpStudy\WWW\yii1\framework\web\CWebApplication.php(282): UserController->run()
#7 D:\phpStudy\WWW\yii1\framework\web\CWebApplication.php(141): CWebApplication->runController()
#8 D:\phpStudy\WWW\yii1\framework\base\CApplication.php(185): CWebApplication->processRequest()
#9 D:\phpStudy\WWW\yii1\app\index.php(13): CWebApplication->run()
REQUEST_URI=/index.php?r=user/login
in D:\phpStudy\WWW\yii1\app\protected\models\LoginForm.php (83)
in D:\phpStudy\WWW\yii1\app\protected\models\LoginForm.php (83)
in D:\phpStudy\WWW\yii1\app\protected\controllers\UserController.php (22)
2017/06/28 17:15:03 [error] [exception.CException] exception 'CException' with message 'LoginForm and its behaviors do not have a method or closure named "getPersistentStates".' in D:\phpStudy\WWW\yii1\framework\base\CComponent.php:266
Stack trace:
#0 D:\phpStudy\WWW\yii1\framework\web\auth\CWebUser.php(232): CComponent->__call('getPersistentSt...', Array)
#1 D:\phpStudy\WWW\yii1\framework\web\auth\CWebUser.php(232): LoginForm->getPersistentStates()
#2 D:\phpStudy\WWW\yii1\app\protected\controllers\UserController.php(22): CWebUser->login(Object(LoginForm))
#3 D:\phpStudy\WWW\yii1\framework\web\actions\CInlineAction.php(49): UserController->actionLogin()
#4 D:\phpStudy\WWW\yii1\framework\web\CController.php(308): CInlineAction->runWithParams(Array)
#5 D:\phpStudy\WWW\yii1\framework\web\CController.php(286): CController->runAction(Object(CInlineAction))
#6 D:\phpStudy\WWW\yii1\framework\web\CController.php(265): CController->runActionWithFilters(Object(CInlineAction), Array)
#7 D:\phpStudy\WWW\yii1\framework\web\CWebApplication.php(282): CController->run('login')
#8 D:\phpStudy\WWW\yii1\framework\web\CWebApplication.php(141): CWebApplication->runController('user/login')
#9 D:\phpStudy\WWW\yii1\framework\base\CApplication.php(185): CWebApplication->processRequest()
#10 D:\phpStudy\WWW\yii1\app\index.php(13): CApplication->run()
#11 {main}
REQUEST_URI=/index.php?r=user/login
HTTP_REFERER=http://www.peng.com/index.php?r=user/login
---
2017/06/28 17:19:01 [error] [exception.CException] exception 'CException' with message 'LoginForm and its behaviors do not have a method or closure named "getPersistentStates".' in D:\phpStudy\WWW\yii1\framework\base\CComponent.php:266
Stack trace:
#0 D:\phpStudy\WWW\yii1\framework\web\auth\CWebUser.php(232): CComponent->__call('getPersistentSt...', Array)
#1 D:\phpStudy\WWW\yii1\framework\web\auth\CWebUser.php(232): LoginForm->getPersistentStates()
#2 D:\phpStudy\WWW\yii1\app\protected\controllers\UserController.php(22): CWebUser->login(Object(LoginForm))
#3 D:\phpStudy\WWW\yii1\framework\web\actions\CInlineAction.php(49): UserController->actionLogin()
#4 D:\phpStudy\WWW\yii1\framework\web\CController.php(308): CInlineAction->runWithParams(Array)
#5 D:\phpStudy\WWW\yii1\framework\web\CController.php(286): CController->runAction(Object(CInlineAction))
#6 D:\phpStudy\WWW\yii1\framework\web\CController.php(265): CController->runActionWithFilters(Object(CInlineAction), Array)
#7 D:\phpStudy\WWW\yii1\framework\web\CWebApplication.php(282): CController->run('login')
#8 D:\phpStudy\WWW\yii1\framework\web\CWebApplication.php(141): CWebApplication->runController('user/login')
#9 D:\phpStudy\WWW\yii1\framework\base\CApplication.php(185): CWebApplication->processRequest()
#10 D:\phpStudy\WWW\yii1\app\index.php(13): CApplication->run()
#11 {main}
REQUEST_URI=/index.php?r=user/login
HTTP_REFERER=http://www.peng.com/index.php?r=user/login
---
2017/06/28 17:29:24 [error] [php] include(UserController.php): failed to open stream: No such file or directory (D:\phpStudy\WWW\yii1\framework\YiiBase.php:432)
Stack trace:
#0 D:\phpStudy\WWW\yii1\app\protected\controllers\SiteController.php(4): spl_autoload_call()
#1 D:\phpStudy\WWW\yii1\framework\web\CWebApplication.php(354): require()
#2 D:\phpStudy\WWW\yii1\framework\web\CWebApplication.php(276): CWebApplication->createController()
#3 D:\phpStudy\WWW\yii1\framework\web\CWebApplication.php(141): CWebApplication->runController()
#4 D:\phpStudy\WWW\yii1\framework\base\CApplication.php(185): CWebApplication->processRequest()
#5 D:\phpStudy\WWW\yii1\app\index.php(13): CWebApplication->run()
REQUEST_URI=/index.php?r=site/login
in D:\phpStudy\WWW\yii1\app\protected\controllers\SiteController.php (4)
in D:\phpStudy\WWW\yii1\app\index.php (13)
2017/06/28 17:29:49 [error] [php] include(UserController.php): failed to open stream: No such file or directory (D:\phpStudy\WWW\yii1\framework\YiiBase.php:432)
Stack trace:
#0 D:\phpStudy\WWW\yii1\app\protected\controllers\SiteController.php(4): spl_autoload_call()
#1 D:\phpStudy\WWW\yii1\framework\web\CWebApplication.php(354): require()
#2 D:\phpStudy\WWW\yii1\framework\web\CWebApplication.php(276): CWebApplication->createController()
#3 D:\phpStudy\WWW\yii1\framework\web\CWebApplication.php(141): CWebApplication->runController()
#4 D:\phpStudy\WWW\yii1\framework\base\CApplication.php(185): CWebApplication->processRequest()
#5 D:\phpStudy\WWW\yii1\app\index.php(13): CWebApplication->run()
REQUEST_URI=/index.php?r=site/
in D:\phpStudy\WWW\yii1\app\protected\controllers\SiteController.php (4)
in D:\phpStudy\WWW\yii1\app\index.php (13)
2017/06/28 17:31:33 [error] [php] include(UserController.php): failed to open stream: No such file or directory (D:\phpStudy\WWW\yii1\framework\YiiBase.php:432)
Stack trace:
#0 D:\phpStudy\WWW\yii1\app\protected\controllers\SiteController.php(4): spl_autoload_call()
#1 D:\phpStudy\WWW\yii1\framework\web\CWebApplication.php(354): require()
#2 D:\phpStudy\WWW\yii1\framework\web\CWebApplication.php(276): CWebApplication->createController()
#3 D:\phpStudy\WWW\yii1\framework\web\CWebApplication.php(141): CWebApplication->runController()
#4 D:\phpStudy\WWW\yii1\framework\base\CApplication.php(185): CWebApplication->processRequest()
#5 D:\phpStudy\WWW\yii1\app\index.php(13): CWebApplication->run()
REQUEST_URI=/index.php?r=site/index
in D:\phpStudy\WWW\yii1\app\protected\controllers\SiteController.php (4)
in D:\phpStudy\WWW\yii1\app\index.php (13)
